2018-09-15 12:25:02: m4690.jfernandorojasc-gmail-com.goodsync is REMOTE, trying DIRECT at 213.136.67.9:33333
2018-09-15 12:25:03: MustRetry after Recv: Recv: [requesting Digest auth]: 
2018-09-15 12:25:04: -- Análisis iniciado por On File Change Incremental
2018-09-15 12:25:06: Cambios: 114 (124), Conflictos: 0, CopiaFecha: 0, CopiaEstado: 0, Errores: 0, All: 866
2018-09-15 12:25:06: Right to Left: Copy File: 6 Delete File: 6 Rename/Move File/Folder: 102 
2018-09-15 12:25:06: == Sinc comenzada por On File Change Incremental
2018-09-15 12:25:09: Borrar Archivo 'gstps://m4690.jfernandorojasc-gmail-com.goodsync/C:/inetpub/wwwroot/Kairos/PHPMailer/PHPMailer-master/language/phpmailer.lang-ba.php'
2018-09-15 12:25:09: Borrar Archivo 'gstps://m4690.jfernandorojasc-gmail-com.goodsync/C:/inetpub/wwwroot/Kairos/PHPMailer/PHPMailer-master/language/phpmailer.lang-da.php'
2018-09-15 12:25:09: Borrar Archivo 'gstps://m4690.jfernandorojasc-gmail-com.goodsync/C:/inetpub/wwwroot/Kairos/PHPMailer/PHPMailer-master/language/phpmailer.lang-et.php'
2018-09-15 12:25:09: Borrar Archivo 'gstps://m4690.jfernandorojasc-gmail-com.goodsync/C:/inetpub/wwwroot/Kairos/PHPMailer/PHPMailer-master/language/phpmailer.lang-sv.php'
2018-09-15 12:25:10: Crear Carpeta 'gstps://m4690.jfernandorojasc-gmail-com.goodsync/C:/inetpub/wwwroot/Kairos/PHPMailer/PHPMailer'
2018-09-15 12:25:10: Crear Carpeta 'gstps://m4690.jfernandorojasc-gmail-com.goodsync/C:/inetpub/wwwroot/Kairos/PHPMailer/PHPMailer/language'
2018-09-15 12:25:11: Mover Carpeta gstps://m4690.jfernandorojasc-gmail-com.goodsync/C:/inetpub/wwwroot/Kairos/PHPMailer/PHPMailer-master/src -> gstps://m4690.jfernandorojasc-gmail-com.goodsync/C:/inetpub/wwwroot/Kairos/PHPMailer/PHPMailer/src
2018-09-15 12:25:13: Copiar Nueva 'C:/Users/RADEON/Desktop/wwwroot/PHPMailer/PHPMailer/language/phpmailer.lang-ba.php' -> 'gstps://m4690.jfernandorojasc-gmail-com.goodsync/C:/inetpub/wwwroot/Kairos/PHPMailer/PHPMailer/language/phpmailer.lang-ba.php' (1.743)
2018-09-15 12:25:14: Copiar Nueva 'C:/Users/RADEON/Desktop/wwwroot/PHPMailer/PHPMailer/language/phpmailer.lang-da.php' -> 'gstps://m4690.jfernandorojasc-gmail-com.goodsync/C:/inetpub/wwwroot/Kairos/PHPMailer/PHPMailer/language/phpmailer.lang-da.php' (1.611)
2018-09-15 12:25:16: Copiar Nueva 'C:/Users/RADEON/Desktop/wwwroot/PHPMailer/PHPMailer/language/phpmailer.lang-et.php' -> 'gstps://m4690.jfernandorojasc-gmail-com.goodsync/C:/inetpub/wwwroot/Kairos/PHPMailer/PHPMailer/language/phpmailer.lang-et.php' (1.743)
2018-09-15 12:25:17: Copiar Nueva 'C:/Users/RADEON/Desktop/wwwroot/PHPMailer/PHPMailer/language/phpmailer.lang-sv.php' -> 'gstps://m4690.jfernandorojasc-gmail-com.goodsync/C:/inetpub/wwwroot/Kairos/PHPMailer/PHPMailer/language/phpmailer.lang-sv.php' (1.611)
2018-09-15 12:25:17: Mover gstps://m4690.jfernandorojasc-gmail-com.goodsync/C:/inetpub/wwwroot/Kairos/PHPMailer/PHPMailer-master/get_oauth_token.php -> gstps://m4690.jfernandorojasc-gmail-com.goodsync/C:/inetpub/wwwroot/Kairos/PHPMailer/PHPMailer/get_oauth_token.php
2018-09-15 12:25:18: Mover gstps://m4690.jfernandorojasc-gmail-com.goodsync/C:/inetpub/wwwroot/Kairos/PHPMailer/PHPMailer-master/language/phpmailer.lang-am.php -> gstps://m4690.jfernandorojasc-gmail-com.goodsync/C:/inetpub/wwwroot/Kairos/PHPMailer/PHPMailer/language/phpmailer.lang-am.php
2018-09-15 12:25:18: Mover gstps://m4690.jfernandorojasc-gmail-com.goodsync/C:/inetpub/wwwroot/Kairos/PHPMailer/PHPMailer-master/language/phpmailer.lang-ar.php -> gstps://m4690.jfernandorojasc-gmail-com.goodsync/C:/inetpub/wwwroot/Kairos/PHPMailer/PHPMailer/language/phpmailer.lang-ar.php
2018-09-15 12:25:18: Mover gstps://m4690.jfernandorojasc-gmail-com.goodsync/C:/inetpub/wwwroot/Kairos/PHPMailer/PHPMailer-master/language/phpmailer.lang-az.php -> gstps://m4690.jfernandorojasc-gmail-com.goodsync/C:/inetpub/wwwroot/Kairos/PHPMailer/PHPMailer/language/phpmailer.lang-az.php
2018-09-15 12:25:19: Mover gstps://m4690.jfernandorojasc-gmail-com.goodsync/C:/inetpub/wwwroot/Kairos/PHPMailer/PHPMailer-master/language/phpmailer.lang-be.php -> gstps://m4690.jfernandorojasc-gmail-com.goodsync/C:/inetpub/wwwroot/Kairos/PHPMailer/PHPMailer/language/phpmailer.lang-be.php
2018-09-15 12:25:19: Mover gstps://m4690.jfernandorojasc-gmail-com.goodsync/C:/inetpub/wwwroot/Kairos/PHPMailer/PHPMailer-master/language/phpmailer.lang-bg.php -> gstps://m4690.jfernandorojasc-gmail-com.goodsync/C:/inetpub/wwwroot/Kairos/PHPMailer/PHPMailer/language/phpmailer.lang-bg.php
2018-09-15 12:25:20: Mover gstps://m4690.jfernandorojasc-gmail-com.goodsync/C:/inetpub/wwwroot/Kairos/PHPMailer/PHPMailer-master/language/phpmailer.lang-ca.php -> gstps://m4690.jfernandorojasc-gmail-com.goodsync/C:/inetpub/wwwroot/Kairos/PHPMailer/PHPMailer/language/phpmailer.lang-ca.php
2018-09-15 12:25:20: Mover gstps://m4690.jfernandorojasc-gmail-com.goodsync/C:/inetpub/wwwroot/Kairos/PHPMailer/PHPMailer-master/language/phpmailer.lang-ch.php -> gstps://m4690.jfernandorojasc-gmail-com.goodsync/C:/inetpub/wwwroot/Kairos/PHPMailer/PHPMailer/language/phpmailer.lang-ch.php
2018-09-15 12:25:20: Mover gstps://m4690.jfernandorojasc-gmail-com.goodsync/C:/inetpub/wwwroot/Kairos/PHPMailer/PHPMailer-master/language/phpmailer.lang-cs.php -> gstps://m4690.jfernandorojasc-gmail-com.goodsync/C:/inetpub/wwwroot/Kairos/PHPMailer/PHPMailer/language/phpmailer.lang-cs.php
2018-09-15 12:25:21: Mover gstps://m4690.jfernandorojasc-gmail-com.goodsync/C:/inetpub/wwwroot/Kairos/PHPMailer/PHPMailer-master/language/phpmailer.lang-de.php -> gstps://m4690.jfernandorojasc-gmail-com.goodsync/C:/inetpub/wwwroot/Kairos/PHPMailer/PHPMailer/language/phpmailer.lang-de.php
2018-09-15 12:25:21: Mover gstps://m4690.jfernandorojasc-gmail-com.goodsync/C:/inetpub/wwwroot/Kairos/PHPMailer/PHPMailer-master/language/phpmailer.lang-el.php -> gstps://m4690.jfernandorojasc-gmail-com.goodsync/C:/inetpub/wwwroot/Kairos/PHPMailer/PHPMailer/language/phpmailer.lang-el.php
2018-09-15 12:25:22: Mover gstps://m4690.jfernandorojasc-gmail-com.goodsync/C:/inetpub/wwwroot/Kairos/PHPMailer/PHPMailer-master/language/phpmailer.lang-eo.php -> gstps://m4690.jfernandorojasc-gmail-com.goodsync/C:/inetpub/wwwroot/Kairos/PHPMailer/PHPMailer/language/phpmailer.lang-eo.php
2018-09-15 12:25:22: Mover gstps://m4690.jfernandorojasc-gmail-com.goodsync/C:/inetpub/wwwroot/Kairos/PHPMailer/PHPMailer-master/language/phpmailer.lang-es.php -> gstps://m4690.jfernandorojasc-gmail-com.goodsync/C:/inetpub/wwwroot/Kairos/PHPMailer/PHPMailer/language/phpmailer.lang-es.php
2018-09-15 12:25:22: Mover gstps://m4690.jfernandorojasc-gmail-com.goodsync/C:/inetpub/wwwroot/Kairos/PHPMailer/PHPMailer-master/language/phpmailer.lang-fa.php -> gstps://m4690.jfernandorojasc-gmail-com.goodsync/C:/inetpub/wwwroot/Kairos/PHPMailer/PHPMailer/language/phpmailer.lang-fa.php
2018-09-15 12:25:23: Mover gstps://m4690.jfernandorojasc-gmail-com.goodsync/C:/inetpub/wwwroot/Kairos/PHPMailer/PHPMailer-master/language/phpmailer.lang-fi.php -> gstps://m4690.jfernandorojasc-gmail-com.goodsync/C:/inetpub/wwwroot/Kairos/PHPMailer/PHPMailer/language/phpmailer.lang-fi.php
2018-09-15 12:25:23: Mover gstps://m4690.jfernandorojasc-gmail-com.goodsync/C:/inetpub/wwwroot/Kairos/PHPMailer/PHPMailer-master/language/phpmailer.lang-fo.php -> gstps://m4690.jfernandorojasc-gmail-com.goodsync/C:/inetpub/wwwroot/Kairos/PHPMailer/PHPMailer/language/phpmailer.lang-fo.php
2018-09-15 12:25:23: Mover gstps://m4690.jfernandorojasc-gmail-com.goodsync/C:/inetpub/wwwroot/Kairos/PHPMailer/PHPMailer-master/language/phpmailer.lang-fr.php -> gstps://m4690.jfernandorojasc-gmail-com.goodsync/C:/inetpub/wwwroot/Kairos/PHPMailer/PHPMailer/language/phpmailer.lang-fr.php
2018-09-15 12:25:24: Mover gstps://m4690.jfernandorojasc-gmail-com.goodsync/C:/inetpub/wwwroot/Kairos/PHPMailer/PHPMailer-master/language/phpmailer.lang-gl.php -> gstps://m4690.jfernandorojasc-gmail-com.goodsync/C:/inetpub/wwwroot/Kairos/PHPMailer/PHPMailer/language/phpmailer.lang-gl.php
2018-09-15 12:25:24: Mover gstps://m4690.jfernandorojasc-gmail-com.goodsync/C:/inetpub/wwwroot/Kairos/PHPMailer/PHPMailer-master/language/phpmailer.lang-he.php -> gstps://m4690.jfernandorojasc-gmail-com.goodsync/C:/inetpub/wwwroot/Kairos/PHPMailer/PHPMailer/language/phpmailer.lang-he.php
2018-09-15 12:25:25: Mover gstps://m4690.jfernandorojasc-gmail-com.goodsync/C:/inetpub/wwwroot/Kairos/PHPMailer/PHPMailer-master/language/phpmailer.lang-hi.php -> gstps://m4690.jfernandorojasc-gmail-com.goodsync/C:/inetpub/wwwroot/Kairos/PHPMailer/PHPMailer/language/phpmailer.lang-hi.php
2018-09-15 12:25:25: Mover gstps://m4690.jfernandorojasc-gmail-com.goodsync/C:/inetpub/wwwroot/Kairos/PHPMailer/PHPMailer-master/language/phpmailer.lang-hr.php -> gstps://m4690.jfernandorojasc-gmail-com.goodsync/C:/inetpub/wwwroot/Kairos/PHPMailer/PHPMailer/language/phpmailer.lang-hr.php
2018-09-15 12:25:25: Mover gstps://m4690.jfernandorojasc-gmail-com.goodsync/C:/inetpub/wwwroot/Kairos/PHPMailer/PHPMailer-master/language/phpmailer.lang-hu.php -> gstps://m4690.jfernandorojasc-gmail-com.goodsync/C:/inetpub/wwwroot/Kairos/PHPMailer/PHPMailer/language/phpmailer.lang-hu.php
2018-09-15 12:25:26: Mover gstps://m4690.jfernandorojasc-gmail-com.goodsync/C:/inetpub/wwwroot/Kairos/PHPMailer/PHPMailer-master/language/phpmailer.lang-id.php -> gstps://m4690.jfernandorojasc-gmail-com.goodsync/C:/inetpub/wwwroot/Kairos/PHPMailer/PHPMailer/language/phpmailer.lang-id.php
2018-09-15 12:25:26: Mover gstps://m4690.jfernandorojasc-gmail-com.goodsync/C:/inetpub/wwwroot/Kairos/PHPMailer/PHPMailer-master/language/phpmailer.lang-it.php -> gstps://m4690.jfernandorojasc-gmail-com.goodsync/C:/inetpub/wwwroot/Kairos/PHPMailer/PHPMailer/language/phpmailer.lang-it.php
2018-09-15 12:25:27: Mover gstps://m4690.jfernandorojasc-gmail-com.goodsync/C:/inetpub/wwwroot/Kairos/PHPMailer/PHPMailer-master/language/phpmailer.lang-ja.php -> gstps://m4690.jfernandorojasc-gmail-com.goodsync/C:/inetpub/wwwroot/Kairos/PHPMailer/PHPMailer/language/phpmailer.lang-ja.php
2018-09-15 12:25:27: Mover gstps://m4690.jfernandorojasc-gmail-com.goodsync/C:/inetpub/wwwroot/Kairos/PHPMailer/PHPMailer-master/language/phpmailer.lang-ka.php -> gstps://m4690.jfernandorojasc-gmail-com.goodsync/C:/inetpub/wwwroot/Kairos/PHPMailer/PHPMailer/language/phpmailer.lang-ka.php
2018-09-15 12:25:27: Mover gstps://m4690.jfernandorojasc-gmail-com.goodsync/C:/inetpub/wwwroot/Kairos/PHPMailer/PHPMailer-master/language/phpmailer.lang-ko.php -> gstps://m4690.jfernandorojasc-gmail-com.goodsync/C:/inetpub/wwwroot/Kairos/PHPMailer/PHPMailer/language/phpmailer.lang-ko.php
2018-09-15 12:25:28: Mover gstps://m4690.jfernandorojasc-gmail-com.goodsync/C:/inetpub/wwwroot/Kairos/PHPMailer/PHPMailer-master/language/phpmailer.lang-lt.php -> gstps://m4690.jfernandorojasc-gmail-com.goodsync/C:/inetpub/wwwroot/Kairos/PHPMailer/PHPMailer/language/phpmailer.lang-lt.php
2018-09-15 12:25:28: Mover gstps://m4690.jfernandorojasc-gmail-com.goodsync/C:/inetpub/wwwroot/Kairos/PHPMailer/PHPMailer-master/language/phpmailer.lang-lv.php -> gstps://m4690.jfernandorojasc-gmail-com.goodsync/C:/inetpub/wwwroot/Kairos/PHPMailer/PHPMailer/language/phpmailer.lang-lv.php
2018-09-15 12:25:29: Mover gstps://m4690.jfernandorojasc-gmail-com.goodsync/C:/inetpub/wwwroot/Kairos/PHPMailer/PHPMailer-master/language/phpmailer.lang-ms.php -> gstps://m4690.jfernandorojasc-gmail-com.goodsync/C:/inetpub/wwwroot/Kairos/PHPMailer/PHPMailer/language/phpmailer.lang-ms.php
2018-09-15 12:25:29: Mover gstps://m4690.jfernandorojasc-gmail-com.goodsync/C:/inetpub/wwwroot/Kairos/PHPMailer/PHPMailer-master/language/phpmailer.lang-nb.php -> gstps://m4690.jfernandorojasc-gmail-com.goodsync/C:/inetpub/wwwroot/Kairos/PHPMailer/PHPMailer/language/phpmailer.lang-nb.php
2018-09-15 12:25:29: Mover gstps://m4690.jfernandorojasc-gmail-com.goodsync/C:/inetpub/wwwroot/Kairos/PHPMailer/PHPMailer-master/language/phpmailer.lang-nl.php -> gstps://m4690.jfernandorojasc-gmail-com.goodsync/C:/inetpub/wwwroot/Kairos/PHPMailer/PHPMailer/language/phpmailer.lang-nl.php
2018-09-15 12:25:30: Mover gstps://m4690.jfernandorojasc-gmail-com.goodsync/C:/inetpub/wwwroot/Kairos/PHPMailer/PHPMailer-master/language/phpmailer.lang-pl.php -> gstps://m4690.jfernandorojasc-gmail-com.goodsync/C:/inetpub/wwwroot/Kairos/PHPMailer/PHPMailer/language/phpmailer.lang-pl.php
2018-09-15 12:25:30: Mover gstps://m4690.jfernandorojasc-gmail-com.goodsync/C:/inetpub/wwwroot/Kairos/PHPMailer/PHPMailer-master/language/phpmailer.lang-pt.php -> gstps://m4690.jfernandorojasc-gmail-com.goodsync/C:/inetpub/wwwroot/Kairos/PHPMailer/PHPMailer/language/phpmailer.lang-pt.php
2018-09-15 12:25:31: Mover gstps://m4690.jfernandorojasc-gmail-com.goodsync/C:/inetpub/wwwroot/Kairos/PHPMailer/PHPMailer-master/language/phpmailer.lang-pt_br.php -> gstps://m4690.jfernandorojasc-gmail-com.goodsync/C:/inetpub/wwwroot/Kairos/PHPMailer/PHPMailer/language/phpmailer.lang-pt_br.php
2018-09-15 12:25:31: Mover gstps://m4690.jfernandorojasc-gmail-com.goodsync/C:/inetpub/wwwroot/Kairos/PHPMailer/PHPMailer-master/language/phpmailer.lang-ro.php -> gstps://m4690.jfernandorojasc-gmail-com.goodsync/C:/inetpub/wwwroot/Kairos/PHPMailer/PHPMailer/language/phpmailer.lang-ro.php
2018-09-15 12:25:31: Mover gstps://m4690.jfernandorojasc-gmail-com.goodsync/C:/inetpub/wwwroot/Kairos/PHPMailer/PHPMailer-master/language/phpmailer.lang-rs.php -> gstps://m4690.jfernandorojasc-gmail-com.goodsync/C:/inetpub/wwwroot/Kairos/PHPMailer/PHPMailer/language/phpmailer.lang-rs.php
2018-09-15 12:25:32: Mover gstps://m4690.jfernandorojasc-gmail-com.goodsync/C:/inetpub/wwwroot/Kairos/PHPMailer/PHPMailer-master/language/phpmailer.lang-ru.php -> gstps://m4690.jfernandorojasc-gmail-com.goodsync/C:/inetpub/wwwroot/Kairos/PHPMailer/PHPMailer/language/phpmailer.lang-ru.php
2018-09-15 12:25:32: Mover gstps://m4690.jfernandorojasc-gmail-com.goodsync/C:/inetpub/wwwroot/Kairos/PHPMailer/PHPMailer-master/language/phpmailer.lang-sk.php -> gstps://m4690.jfernandorojasc-gmail-com.goodsync/C:/inetpub/wwwroot/Kairos/PHPMailer/PHPMailer/language/phpmailer.lang-sk.php
2018-09-15 12:25:33: Mover gstps://m4690.jfernandorojasc-gmail-com.goodsync/C:/inetpub/wwwroot/Kairos/PHPMailer/PHPMailer-master/language/phpmailer.lang-sl.php -> gstps://m4690.jfernandorojasc-gmail-com.goodsync/C:/inetpub/wwwroot/Kairos/PHPMailer/PHPMailer/language/phpmailer.lang-sl.php
2018-09-15 12:25:33: Mover gstps://m4690.jfernandorojasc-gmail-com.goodsync/C:/inetpub/wwwroot/Kairos/PHPMailer/PHPMailer-master/language/phpmailer.lang-tl.php -> gstps://m4690.jfernandorojasc-gmail-com.goodsync/C:/inetpub/wwwroot/Kairos/PHPMailer/PHPMailer/language/phpmailer.lang-tl.php
2018-09-15 12:25:33: Mover gstps://m4690.jfernandorojasc-gmail-com.goodsync/C:/inetpub/wwwroot/Kairos/PHPMailer/PHPMailer-master/language/phpmailer.lang-tr.php -> gstps://m4690.jfernandorojasc-gmail-com.goodsync/C:/inetpub/wwwroot/Kairos/PHPMailer/PHPMailer/language/phpmailer.lang-tr.php
2018-09-15 12:25:34: Mover gstps://m4690.jfernandorojasc-gmail-com.goodsync/C:/inetpub/wwwroot/Kairos/PHPMailer/PHPMailer-master/language/phpmailer.lang-uk.php -> gstps://m4690.jfernandorojasc-gmail-com.goodsync/C:/inetpub/wwwroot/Kairos/PHPMailer/PHPMailer/language/phpmailer.lang-uk.php
2018-09-15 12:25:34: Mover gstps://m4690.jfernandorojasc-gmail-com.goodsync/C:/inetpub/wwwroot/Kairos/PHPMailer/PHPMailer-master/language/phpmailer.lang-vi.php -> gstps://m4690.jfernandorojasc-gmail-com.goodsync/C:/inetpub/wwwroot/Kairos/PHPMailer/PHPMailer/language/phpmailer.lang-vi.php
2018-09-15 12:25:35: Mover gstps://m4690.jfernandorojasc-gmail-com.goodsync/C:/inetpub/wwwroot/Kairos/PHPMailer/PHPMailer-master/language/phpmailer.lang-zh.php -> gstps://m4690.jfernandorojasc-gmail-com.goodsync/C:/inetpub/wwwroot/Kairos/PHPMailer/PHPMailer/language/phpmailer.lang-zh.php
2018-09-15 12:25:35: Mover gstps://m4690.jfernandorojasc-gmail-com.goodsync/C:/inetpub/wwwroot/Kairos/PHPMailer/PHPMailer-master/language/phpmailer.lang-zh_cn.php -> gstps://m4690.jfernandorojasc-gmail-com.goodsync/C:/inetpub/wwwroot/Kairos/PHPMailer/PHPMailer/language/phpmailer.lang-zh_cn.php
2018-09-15 12:25:35: Borrar Carpeta 'gstps://m4690.jfernandorojasc-gmail-com.goodsync/C:/inetpub/wwwroot/Kairos/PHPMailer/PHPMailer-master/language'
2018-09-15 12:25:35: Mover gstps://m4690.jfernandorojasc-gmail-com.goodsync/C:/inetpub/wwwroot/Kairos/PHPMailer/PHPMailer-master/LICENSE -> gstps://m4690.jfernandorojasc-gmail-com.goodsync/C:/inetpub/wwwroot/Kairos/PHPMailer/PHPMailer/LICENSE
2018-09-15 12:25:36: Mover gstps://m4690.jfernandorojasc-gmail-com.goodsync/C:/inetpub/wwwroot/Kairos/PHPMailer/PHPMailer-master/README.md -> gstps://m4690.jfernandorojasc-gmail-com.goodsync/C:/inetpub/wwwroot/Kairos/PHPMailer/PHPMailer/README.md
2018-09-15 12:25:36: Mover gstps://m4690.jfernandorojasc-gmail-com.goodsync/C:/inetpub/wwwroot/Kairos/PHPMailer/PHPMailer-master/SECURITY.md -> gstps://m4690.jfernandorojasc-gmail-com.goodsync/C:/inetpub/wwwroot/Kairos/PHPMailer/PHPMailer/SECURITY.md
2018-09-15 12:25:37: Mover gstps://m4690.jfernandorojasc-gmail-com.goodsync/C:/inetpub/wwwroot/Kairos/PHPMailer/PHPMailer-master/VERSION -> gstps://m4690.jfernandorojasc-gmail-com.goodsync/C:/inetpub/wwwroot/Kairos/PHPMailer/PHPMailer/VERSION
2018-09-15 12:25:37: Borrar Carpeta 'gstps://m4690.jfernandorojasc-gmail-com.goodsync/C:/inetpub/wwwroot/Kairos/PHPMailer/PHPMailer-master'
2018-09-15 12:25:41: == Sinc. Completa. Tiempo: 00:00:35, Velocidad: 31,7 KB/s, OK: 124, Errores: 0
2018-09-15 12:25:41: 
