2018-09-15 12:12:55: m4690.jfernandorojasc-gmail-com.goodsync is REMOTE, trying DIRECT at 213.136.67.9:33333
2018-09-15 12:12:55: MustRetry after Recv: Recv: [requesting Digest auth]: 
2018-09-15 12:12:56: On File Change Monitoring started on file:///~RADEON/Desktop/wwwroot
2018-09-15 12:12:56: On File Change Monitoring started on gstps://m4690.jfernandorojasc-gmail-com.goodsync/C:/inetpub/wwwroot/Kairos
2018-09-15 12:12:57: m4690.jfernandorojasc-gmail-com.goodsync is REMOTE, trying DIRECT at 213.136.67.9:33333
2018-09-15 12:12:57: MustRetry after Recv: Recv: [requesting Digest auth]: 
2018-09-15 12:12:58: -- Análisis iniciado por On File Change First Full Analyze Upon File Monitoring Start
2018-09-15 12:13:11: Cambios: 63, Conflictos: 0, CopiaFecha: 0, CopiaEstado: 0, Errores: 0, All: 804
2018-09-15 12:13:11: Right to Left: Copy File: 63 
2018-09-15 12:13:11: == Sinc comenzada por On File Change First Full Analyze Upon File Monitoring Start
2018-09-15 12:13:12: Crear Carpeta 'gstps://m4690.jfernandorojasc-gmail-com.goodsync/C:/inetpub/wwwroot/Kairos/PHPMailer'
2018-09-15 12:13:13: Crear Carpeta 'gstps://m4690.jfernandorojasc-gmail-com.goodsync/C:/inetpub/wwwroot/Kairos/PHPMailer/PHPMailer-master'
2018-09-15 12:13:13: Crear Carpeta 'gstps://m4690.jfernandorojasc-gmail-com.goodsync/C:/inetpub/wwwroot/Kairos/PHPMailer/PHPMailer-master/language'
2018-09-15 12:13:14: Crear Carpeta 'gstps://m4690.jfernandorojasc-gmail-com.goodsync/C:/inetpub/wwwroot/Kairos/PHPMailer/PHPMailer-master/src'
2018-09-15 12:13:15: Copiar Nueva 'C:/Users/RADEON/Desktop/wwwroot/PHPMailer/PHPMailer-master/get_oauth_token.php' -> 'gstps://m4690.jfernandorojasc-gmail-com.goodsync/C:/inetpub/wwwroot/Kairos/PHPMailer/PHPMailer-master/get_oauth_token.php' (4.866)
2018-09-15 12:13:17: Copiar Nueva 'C:/Users/RADEON/Desktop/wwwroot/PHPMailer/PHPMailer-master/language/phpmailer.lang-am.php' -> 'gstps://m4690.jfernandorojasc-gmail-com.goodsync/C:/inetpub/wwwroot/Kairos/PHPMailer/PHPMailer-master/language/phpmailer.lang-am.php' (2.185)
2018-09-15 12:13:18: Copiar Nueva 'C:/Users/RADEON/Desktop/wwwroot/PHPMailer/PHPMailer-master/language/phpmailer.lang-ar.php' -> 'gstps://m4690.jfernandorojasc-gmail-com.goodsync/C:/inetpub/wwwroot/Kairos/PHPMailer/PHPMailer-master/language/phpmailer.lang-ar.php' (2.055)
2018-09-15 12:13:20: Copiar Nueva 'C:/Users/RADEON/Desktop/wwwroot/PHPMailer/PHPMailer-master/language/phpmailer.lang-az.php' -> 'gstps://m4690.jfernandorojasc-gmail-com.goodsync/C:/inetpub/wwwroot/Kairos/PHPMailer/PHPMailer-master/language/phpmailer.lang-az.php' (1.748)
2018-09-15 12:13:21: Copiar Nueva 'C:/Users/RADEON/Desktop/wwwroot/PHPMailer/PHPMailer-master/language/phpmailer.lang-ba.php' -> 'gstps://m4690.jfernandorojasc-gmail-com.goodsync/C:/inetpub/wwwroot/Kairos/PHPMailer/PHPMailer-master/language/phpmailer.lang-ba.php' (1.743)
2018-09-15 12:13:23: Copiar Nueva 'C:/Users/RADEON/Desktop/wwwroot/PHPMailer/PHPMailer-master/language/phpmailer.lang-be.php' -> 'gstps://m4690.jfernandorojasc-gmail-com.goodsync/C:/inetpub/wwwroot/Kairos/PHPMailer/PHPMailer-master/language/phpmailer.lang-be.php' (2.177)
2018-09-15 12:13:24: Copiar Nueva 'C:/Users/RADEON/Desktop/wwwroot/PHPMailer/PHPMailer-master/language/phpmailer.lang-bg.php' -> 'gstps://m4690.jfernandorojasc-gmail-com.goodsync/C:/inetpub/wwwroot/Kairos/PHPMailer/PHPMailer-master/language/phpmailer.lang-bg.php' (2.195)
2018-09-15 12:13:25: Copiar Nueva 'C:/Users/RADEON/Desktop/wwwroot/PHPMailer/PHPMailer-master/language/phpmailer.lang-ca.php' -> 'gstps://m4690.jfernandorojasc-gmail-com.goodsync/C:/inetpub/wwwroot/Kairos/PHPMailer/PHPMailer-master/language/phpmailer.lang-ca.php' (1.729)
2018-09-15 12:13:27: Copiar Nueva 'C:/Users/RADEON/Desktop/wwwroot/PHPMailer/PHPMailer-master/language/phpmailer.lang-ch.php' -> 'gstps://m4690.jfernandorojasc-gmail-com.goodsync/C:/inetpub/wwwroot/Kairos/PHPMailer/PHPMailer-master/language/phpmailer.lang-ch.php' (1.613)
2018-09-15 12:13:28: Copiar Nueva 'C:/Users/RADEON/Desktop/wwwroot/PHPMailer/PHPMailer-master/language/phpmailer.lang-cs.php' -> 'gstps://m4690.jfernandorojasc-gmail-com.goodsync/C:/inetpub/wwwroot/Kairos/PHPMailer/PHPMailer-master/language/phpmailer.lang-cs.php' (1.646)
2018-09-15 12:13:30: Copiar Nueva 'C:/Users/RADEON/Desktop/wwwroot/PHPMailer/PHPMailer-master/language/phpmailer.lang-da.php' -> 'gstps://m4690.jfernandorojasc-gmail-com.goodsync/C:/inetpub/wwwroot/Kairos/PHPMailer/PHPMailer-master/language/phpmailer.lang-da.php' (1.611)
2018-09-15 12:13:31: Copiar Nueva 'C:/Users/RADEON/Desktop/wwwroot/PHPMailer/PHPMailer-master/language/phpmailer.lang-de.php' -> 'gstps://m4690.jfernandorojasc-gmail-com.goodsync/C:/inetpub/wwwroot/Kairos/PHPMailer/PHPMailer-master/language/phpmailer.lang-de.php' (1.750)
2018-09-15 12:13:32: Copiar Nueva 'C:/Users/RADEON/Desktop/wwwroot/PHPMailer/PHPMailer-master/language/phpmailer.lang-el.php' -> 'gstps://m4690.jfernandorojasc-gmail-com.goodsync/C:/inetpub/wwwroot/Kairos/PHPMailer/PHPMailer-master/language/phpmailer.lang-el.php' (2.294)
2018-09-15 12:13:34: Copiar Nueva 'C:/Users/RADEON/Desktop/wwwroot/PHPMailer/PHPMailer-master/language/phpmailer.lang-eo.php' -> 'gstps://m4690.jfernandorojasc-gmail-com.goodsync/C:/inetpub/wwwroot/Kairos/PHPMailer/PHPMailer-master/language/phpmailer.lang-eo.php' (1.664)
2018-09-15 12:13:35: Copiar Nueva 'C:/Users/RADEON/Desktop/wwwroot/PHPMailer/PHPMailer-master/language/phpmailer.lang-es.php' -> 'gstps://m4690.jfernandorojasc-gmail-com.goodsync/C:/inetpub/wwwroot/Kairos/PHPMailer/PHPMailer-master/language/phpmailer.lang-es.php' (1.723)
2018-09-15 12:13:37: Copiar Nueva 'C:/Users/RADEON/Desktop/wwwroot/PHPMailer/PHPMailer-master/language/phpmailer.lang-et.php' -> 'gstps://m4690.jfernandorojasc-gmail-com.goodsync/C:/inetpub/wwwroot/Kairos/PHPMailer/PHPMailer-master/language/phpmailer.lang-et.php' (1.743)
2018-09-15 12:13:38: Copiar Nueva 'C:/Users/RADEON/Desktop/wwwroot/PHPMailer/PHPMailer-master/language/phpmailer.lang-fa.php' -> 'gstps://m4690.jfernandorojasc-gmail-com.goodsync/C:/inetpub/wwwroot/Kairos/PHPMailer/PHPMailer-master/language/phpmailer.lang-fa.php' (2.065)
2018-09-15 12:13:40: Copiar Nueva 'C:/Users/RADEON/Desktop/wwwroot/PHPMailer/PHPMailer-master/language/phpmailer.lang-fi.php' -> 'gstps://m4690.jfernandorojasc-gmail-com.goodsync/C:/inetpub/wwwroot/Kairos/PHPMailer/PHPMailer-master/language/phpmailer.lang-fi.php' (1.730)
2018-09-15 12:13:41: Copiar Nueva 'C:/Users/RADEON/Desktop/wwwroot/PHPMailer/PHPMailer-master/language/phpmailer.lang-fo.php' -> 'gstps://m4690.jfernandorojasc-gmail-com.goodsync/C:/inetpub/wwwroot/Kairos/PHPMailer/PHPMailer-master/language/phpmailer.lang-fo.php' (1.636)
2018-09-15 12:13:42: Copiar Nueva 'C:/Users/RADEON/Desktop/wwwroot/PHPMailer/PHPMailer-master/language/phpmailer.lang-fr.php' -> 'gstps://m4690.jfernandorojasc-gmail-com.goodsync/C:/inetpub/wwwroot/Kairos/PHPMailer/PHPMailer-master/language/phpmailer.lang-fr.php' (2.004)
2018-09-15 12:13:44: Copiar Nueva 'C:/Users/RADEON/Desktop/wwwroot/PHPMailer/PHPMailer-master/language/phpmailer.lang-gl.php' -> 'gstps://m4690.jfernandorojasc-gmail-com.goodsync/C:/inetpub/wwwroot/Kairos/PHPMailer/PHPMailer-master/language/phpmailer.lang-gl.php' (1.741)
2018-09-15 12:13:45: Copiar Nueva 'C:/Users/RADEON/Desktop/wwwroot/PHPMailer/PHPMailer-master/language/phpmailer.lang-he.php' -> 'gstps://m4690.jfernandorojasc-gmail-com.goodsync/C:/inetpub/wwwroot/Kairos/PHPMailer/PHPMailer-master/language/phpmailer.lang-he.php' (1.811)
2018-09-15 12:13:47: Copiar Nueva 'C:/Users/RADEON/Desktop/wwwroot/PHPMailer/PHPMailer-master/language/phpmailer.lang-hi.php' -> 'gstps://m4690.jfernandorojasc-gmail-com.goodsync/C:/inetpub/wwwroot/Kairos/PHPMailer/PHPMailer-master/language/phpmailer.lang-hi.php' (2.591)
2018-09-15 12:13:48: Copiar Nueva 'C:/Users/RADEON/Desktop/wwwroot/PHPMailer/PHPMailer-master/language/phpmailer.lang-hr.php' -> 'gstps://m4690.jfernandorojasc-gmail-com.goodsync/C:/inetpub/wwwroot/Kairos/PHPMailer/PHPMailer-master/language/phpmailer.lang-hr.php' (1.753)
2018-09-15 12:13:49: Copiar Nueva 'C:/Users/RADEON/Desktop/wwwroot/PHPMailer/PHPMailer-master/language/phpmailer.lang-hu.php' -> 'gstps://m4690.jfernandorojasc-gmail-com.goodsync/C:/inetpub/wwwroot/Kairos/PHPMailer/PHPMailer-master/language/phpmailer.lang-hu.php' (1.716)
2018-09-15 12:13:51: Copiar Nueva 'C:/Users/RADEON/Desktop/wwwroot/PHPMailer/PHPMailer-master/language/phpmailer.lang-id.php' -> 'gstps://m4690.jfernandorojasc-gmail-com.goodsync/C:/inetpub/wwwroot/Kairos/PHPMailer/PHPMailer-master/language/phpmailer.lang-id.php' (1.774)
2018-09-15 12:13:52: Copiar Nueva 'C:/Users/RADEON/Desktop/wwwroot/PHPMailer/PHPMailer-master/language/phpmailer.lang-it.php' -> 'gstps://m4690.jfernandorojasc-gmail-com.goodsync/C:/inetpub/wwwroot/Kairos/PHPMailer/PHPMailer-master/language/phpmailer.lang-it.php' (1.818)
2018-09-15 12:13:54: Copiar Nueva 'C:/Users/RADEON/Desktop/wwwroot/PHPMailer/PHPMailer-master/language/phpmailer.lang-ja.php' -> 'gstps://m4690.jfernandorojasc-gmail-com.goodsync/C:/inetpub/wwwroot/Kairos/PHPMailer/PHPMailer-master/language/phpmailer.lang-ja.php' (1.924)
2018-09-15 12:13:55: Copiar Nueva 'C:/Users/RADEON/Desktop/wwwroot/PHPMailer/PHPMailer-master/language/phpmailer.lang-ka.php' -> 'gstps://m4690.jfernandorojasc-gmail-com.goodsync/C:/inetpub/wwwroot/Kairos/PHPMailer/PHPMailer-master/language/phpmailer.lang-ka.php' (2.883)
2018-09-15 12:13:57: Copiar Nueva 'C:/Users/RADEON/Desktop/wwwroot/PHPMailer/PHPMailer-master/language/phpmailer.lang-ko.php' -> 'gstps://m4690.jfernandorojasc-gmail-com.goodsync/C:/inetpub/wwwroot/Kairos/PHPMailer/PHPMailer-master/language/phpmailer.lang-ko.php' (1.770)
2018-09-15 12:13:58: Copiar Nueva 'C:/Users/RADEON/Desktop/wwwroot/PHPMailer/PHPMailer-master/language/phpmailer.lang-lt.php' -> 'gstps://m4690.jfernandorojasc-gmail-com.goodsync/C:/inetpub/wwwroot/Kairos/PHPMailer/PHPMailer-master/language/phpmailer.lang-lt.php' (1.626)
2018-09-15 12:13:59: Copiar Nueva 'C:/Users/RADEON/Desktop/wwwroot/PHPMailer/PHPMailer-master/language/phpmailer.lang-lv.php' -> 'gstps://m4690.jfernandorojasc-gmail-com.goodsync/C:/inetpub/wwwroot/Kairos/PHPMailer/PHPMailer-master/language/phpmailer.lang-lv.php' (1.642)
2018-09-15 12:14:01: Copiar Nueva 'C:/Users/RADEON/Desktop/wwwroot/PHPMailer/PHPMailer-master/language/phpmailer.lang-ms.php' -> 'gstps://m4690.jfernandorojasc-gmail-com.goodsync/C:/inetpub/wwwroot/Kairos/PHPMailer/PHPMailer-master/language/phpmailer.lang-ms.php' (1.736)
2018-09-15 12:14:02: Copiar Nueva 'C:/Users/RADEON/Desktop/wwwroot/PHPMailer/PHPMailer-master/language/phpmailer.lang-nb.php' -> 'gstps://m4690.jfernandorojasc-gmail-com.goodsync/C:/inetpub/wwwroot/Kairos/PHPMailer/PHPMailer-master/language/phpmailer.lang-nb.php' (1.554)
2018-09-15 12:14:04: Copiar Nueva 'C:/Users/RADEON/Desktop/wwwroot/PHPMailer/PHPMailer-master/language/phpmailer.lang-nl.php' -> 'gstps://m4690.jfernandorojasc-gmail-com.goodsync/C:/inetpub/wwwroot/Kairos/PHPMailer/PHPMailer-master/language/phpmailer.lang-nl.php' (1.612)
2018-09-15 12:14:05: Copiar Nueva 'C:/Users/RADEON/Desktop/wwwroot/PHPMailer/PHPMailer-master/language/phpmailer.lang-pl.php' -> 'gstps://m4690.jfernandorojasc-gmail-com.goodsync/C:/inetpub/wwwroot/Kairos/PHPMailer/PHPMailer-master/language/phpmailer.lang-pl.php' (1.816)
2018-09-15 12:14:06: Copiar Nueva 'C:/Users/RADEON/Desktop/wwwroot/PHPMailer/PHPMailer-master/language/phpmailer.lang-pt.php' -> 'gstps://m4690.jfernandorojasc-gmail-com.goodsync/C:/inetpub/wwwroot/Kairos/PHPMailer/PHPMailer-master/language/phpmailer.lang-pt.php' (1.888)
2018-09-15 12:14:08: Copiar Nueva 'C:/Users/RADEON/Desktop/wwwroot/PHPMailer/PHPMailer-master/language/phpmailer.lang-pt_br.php' -> 'gstps://m4690.jfernandorojasc-gmail-com.goodsync/C:/inetpub/wwwroot/Kairos/PHPMailer/PHPMailer-master/language/phpmailer.lang-pt_br.php' (1.907)
2018-09-15 12:14:09: Copiar Nueva 'C:/Users/RADEON/Desktop/wwwroot/PHPMailer/PHPMailer-master/language/phpmailer.lang-ro.php' -> 'gstps://m4690.jfernandorojasc-gmail-com.goodsync/C:/inetpub/wwwroot/Kairos/PHPMailer/PHPMailer-master/language/phpmailer.lang-ro.php' (1.752)
2018-09-15 12:14:11: Copiar Nueva 'C:/Users/RADEON/Desktop/wwwroot/PHPMailer/PHPMailer-master/language/phpmailer.lang-rs.php' -> 'gstps://m4690.jfernandorojasc-gmail-com.goodsync/C:/inetpub/wwwroot/Kairos/PHPMailer/PHPMailer-master/language/phpmailer.lang-rs.php' (2.281)
2018-09-15 12:14:12: Copiar Nueva 'C:/Users/RADEON/Desktop/wwwroot/PHPMailer/PHPMailer-master/language/phpmailer.lang-ru.php' -> 'gstps://m4690.jfernandorojasc-gmail-com.goodsync/C:/inetpub/wwwroot/Kairos/PHPMailer/PHPMailer-master/language/phpmailer.lang-ru.php' (2.279)
2018-09-15 12:14:13: Copiar Nueva 'C:/Users/RADEON/Desktop/wwwroot/PHPMailer/PHPMailer-master/language/phpmailer.lang-sk.php' -> 'gstps://m4690.jfernandorojasc-gmail-com.goodsync/C:/inetpub/wwwroot/Kairos/PHPMailer/PHPMailer-master/language/phpmailer.lang-sk.php' (1.709)
2018-09-15 12:14:15: Copiar Nueva 'C:/Users/RADEON/Desktop/wwwroot/PHPMailer/PHPMailer-master/language/phpmailer.lang-sl.php' -> 'gstps://m4690.jfernandorojasc-gmail-com.goodsync/C:/inetpub/wwwroot/Kairos/PHPMailer/PHPMailer-master/language/phpmailer.lang-sl.php' (1.721)
2018-09-15 12:14:16: Copiar Nueva 'C:/Users/RADEON/Desktop/wwwroot/PHPMailer/PHPMailer-master/language/phpmailer.lang-sv.php' -> 'gstps://m4690.jfernandorojasc-gmail-com.goodsync/C:/inetpub/wwwroot/Kairos/PHPMailer/PHPMailer-master/language/phpmailer.lang-sv.php' (1.611)
2018-09-15 12:14:18: Copiar Nueva 'C:/Users/RADEON/Desktop/wwwroot/PHPMailer/PHPMailer-master/language/phpmailer.lang-tl.php' -> 'gstps://m4690.jfernandorojasc-gmail-com.goodsync/C:/inetpub/wwwroot/Kairos/PHPMailer/PHPMailer-master/language/phpmailer.lang-tl.php' (1.700)
2018-09-15 12:14:19: Copiar Nueva 'C:/Users/RADEON/Desktop/wwwroot/PHPMailer/PHPMailer-master/language/phpmailer.lang-tr.php' -> 'gstps://m4690.jfernandorojasc-gmail-com.goodsync/C:/inetpub/wwwroot/Kairos/PHPMailer/PHPMailer-master/language/phpmailer.lang-tr.php' (1.771)
2018-09-15 12:14:21: Copiar Nueva 'C:/Users/RADEON/Desktop/wwwroot/PHPMailer/PHPMailer-master/language/phpmailer.lang-uk.php' -> 'gstps://m4690.jfernandorojasc-gmail-com.goodsync/C:/inetpub/wwwroot/Kairos/PHPMailer/PHPMailer-master/language/phpmailer.lang-uk.php' (2.280)
2018-09-15 12:14:22: Copiar Nueva 'C:/Users/RADEON/Desktop/wwwroot/PHPMailer/PHPMailer-master/language/phpmailer.lang-vi.php' -> 'gstps://m4690.jfernandorojasc-gmail-com.goodsync/C:/inetpub/wwwroot/Kairos/PHPMailer/PHPMailer-master/language/phpmailer.lang-vi.php' (1.792)
2018-09-15 12:14:23: Copiar Nueva 'C:/Users/RADEON/Desktop/wwwroot/PHPMailer/PHPMailer-master/language/phpmailer.lang-zh.php' -> 'gstps://m4690.jfernandorojasc-gmail-com.goodsync/C:/inetpub/wwwroot/Kairos/PHPMailer/PHPMailer-master/language/phpmailer.lang-zh.php' (1.668)
2018-09-15 12:14:25: Copiar Nueva 'C:/Users/RADEON/Desktop/wwwroot/PHPMailer/PHPMailer-master/language/phpmailer.lang-zh_cn.php' -> 'gstps://m4690.jfernandorojasc-gmail-com.goodsync/C:/inetpub/wwwroot/Kairos/PHPMailer/PHPMailer-master/language/phpmailer.lang-zh_cn.php' (1.655)
2018-09-15 12:14:28: Copiar Nueva 'C:/Users/RADEON/Desktop/wwwroot/PHPMailer/PHPMailer-master/LICENSE' -> 'gstps://m4690.jfernandorojasc-gmail-com.goodsync/C:/inetpub/wwwroot/Kairos/PHPMailer/PHPMailer-master/LICENSE' (26.529)
2018-09-15 12:14:29: Copiar Nueva 'C:/Users/RADEON/Desktop/wwwroot/PHPMailer/PHPMailer-master/README.md' -> 'gstps://m4690.jfernandorojasc-gmail-com.goodsync/C:/inetpub/wwwroot/Kairos/PHPMailer/PHPMailer-master/README.md' (15.916)
2018-09-15 12:14:31: Copiar Nueva 'C:/Users/RADEON/Desktop/wwwroot/PHPMailer/PHPMailer-master/SECURITY.md' -> 'gstps://m4690.jfernandorojasc-gmail-com.goodsync/C:/inetpub/wwwroot/Kairos/PHPMailer/PHPMailer-master/SECURITY.md' (3.935)
2018-09-15 12:14:32: Copiar Nueva 'C:/Users/RADEON/Desktop/wwwroot/PHPMailer/PHPMailer-master/src/Exception.php' -> 'gstps://m4690.jfernandorojasc-gmail-com.goodsync/C:/inetpub/wwwroot/Kairos/PHPMailer/PHPMailer-master/src/Exception.php' (1.214)
2018-09-15 12:14:33: Copiar Nueva 'C:/Users/RADEON/Desktop/wwwroot/PHPMailer/PHPMailer-master/src/OAuth.php' -> 'gstps://m4690.jfernandorojasc-gmail-com.goodsync/C:/inetpub/wwwroot/Kairos/PHPMailer/PHPMailer-master/src/OAuth.php' (3.744)
2018-09-15 12:14:38: Copiar Nueva 'C:/Users/RADEON/Desktop/wwwroot/PHPMailer/PHPMailer-master/src/PHPMailer.php' -> 'gstps://m4690.jfernandorojasc-gmail-com.goodsync/C:/inetpub/wwwroot/Kairos/PHPMailer/PHPMailer-master/src/PHPMailer.php' (154.414)
2018-09-15 12:14:39: Copiar Nueva 'C:/Users/RADEON/Desktop/wwwroot/PHPMailer/PHPMailer-master/src/POP3.php' -> 'gstps://m4690.jfernandorojasc-gmail-com.goodsync/C:/inetpub/wwwroot/Kairos/PHPMailer/PHPMailer-master/src/POP3.php' (11.031)
2018-09-15 12:14:41: Copiar Nueva 'C:/Users/RADEON/Desktop/wwwroot/PHPMailer/PHPMailer-master/src/SMTP.php' -> 'gstps://m4690.jfernandorojasc-gmail-com.goodsync/C:/inetpub/wwwroot/Kairos/PHPMailer/PHPMailer-master/src/SMTP.php' (42.850)
2018-09-15 12:14:42: Copiar Nueva 'C:/Users/RADEON/Desktop/wwwroot/PHPMailer/PHPMailer-master/VERSION' -> 'gstps://m4690.jfernandorojasc-gmail-com.goodsync/C:/inetpub/wwwroot/Kairos/PHPMailer/PHPMailer-master/VERSION' (5)
2018-09-15 12:14:56: == Sinc. Completa. Tiempo: 00:01:45, Velocidad: 7,70 KB/s, OK: 63, Errores: 0
2018-09-15 12:14:56: 
