2018-09-17 04:04:14: m4690.jfernandorojasc-gmail-com.goodsync is REMOTE, trying DIRECT at 213.136.67.9:33333
2018-09-17 04:04:14: MustRetry after Recv: Recv: [requesting Digest auth]: 
2018-09-17 04:04:16: -- Análisis iniciado por On File Change Incremental
2018-09-17 04:04:31: Cambios: 154, Conflictos: 0, CopiaFecha: 0, CopiaEstado: 44, Errores: 0, All: 1156
2018-09-17 04:04:31: Left to Right: Delete File: 3 
2018-09-17 04:04:31: Right to Left: Copy File: 151 
2018-09-17 04:04:31: == Sinc comenzada por On File Change Incremental
2018-09-17 04:04:31: Borrar Carpeta 'C:/Users/RADEON/Desktop/wwwroot/Ticket_system/static/__MACOSX/ContactFrom_v17/fonts'
2018-09-17 04:04:31: Borrar Carpeta 'C:/Users/RADEON/Desktop/wwwroot/Ticket_system/static/__MACOSX/ContactFrom_v17'
2018-09-17 04:04:31: Borrar Carpeta 'C:/Users/RADEON/Desktop/wwwroot/Ticket_system/static/__MACOSX'
2018-09-17 04:04:32: Crear Carpeta 'gstps://m4690.jfernandorojasc-gmail-com.goodsync/C:/inetpub/wwwroot/Kairos/Ticket_system/static/css'
2018-09-17 04:04:32: Crear Carpeta 'gstps://m4690.jfernandorojasc-gmail-com.goodsync/C:/inetpub/wwwroot/Kairos/Ticket_system/static/fonts'
2018-09-17 04:04:33: Crear Carpeta 'gstps://m4690.jfernandorojasc-gmail-com.goodsync/C:/inetpub/wwwroot/Kairos/Ticket_system/static/fonts/font-awesome-4.7.0'
2018-09-17 04:04:34: Crear Carpeta 'gstps://m4690.jfernandorojasc-gmail-com.goodsync/C:/inetpub/wwwroot/Kairos/Ticket_system/static/fonts/font-awesome-4.7.0/css'
2018-09-17 04:04:34: Crear Carpeta 'gstps://m4690.jfernandorojasc-gmail-com.goodsync/C:/inetpub/wwwroot/Kairos/Ticket_system/static/fonts/font-awesome-4.7.0/fonts'
2018-09-17 04:04:35: Crear Carpeta 'gstps://m4690.jfernandorojasc-gmail-com.goodsync/C:/inetpub/wwwroot/Kairos/Ticket_system/static/fonts/font-awesome-4.7.0/less'
2018-09-17 04:04:35: Crear Carpeta 'gstps://m4690.jfernandorojasc-gmail-com.goodsync/C:/inetpub/wwwroot/Kairos/Ticket_system/static/fonts/font-awesome-4.7.0/scss'
2018-09-17 04:04:36: Crear Carpeta 'gstps://m4690.jfernandorojasc-gmail-com.goodsync/C:/inetpub/wwwroot/Kairos/Ticket_system/static/fonts/Linearicons-Free-v1.0.0'
2018-09-17 04:04:37: Crear Carpeta 'gstps://m4690.jfernandorojasc-gmail-com.goodsync/C:/inetpub/wwwroot/Kairos/Ticket_system/static/fonts/Linearicons-Free-v1.0.0/WebFont'
2018-09-17 04:04:37: Crear Carpeta 'gstps://m4690.jfernandorojasc-gmail-com.goodsync/C:/inetpub/wwwroot/Kairos/Ticket_system/static/fonts/montserrat'
2018-09-17 04:04:38: Crear Carpeta 'gstps://m4690.jfernandorojasc-gmail-com.goodsync/C:/inetpub/wwwroot/Kairos/Ticket_system/static/fonts/poppins'
2018-09-17 04:04:38: Crear Carpeta 'gstps://m4690.jfernandorojasc-gmail-com.goodsync/C:/inetpub/wwwroot/Kairos/Ticket_system/static/images'
2018-09-17 04:04:39: Crear Carpeta 'gstps://m4690.jfernandorojasc-gmail-com.goodsync/C:/inetpub/wwwroot/Kairos/Ticket_system/static/images/icons'
2018-09-17 04:04:40: Crear Carpeta 'gstps://m4690.jfernandorojasc-gmail-com.goodsync/C:/inetpub/wwwroot/Kairos/Ticket_system/static/js'
2018-09-17 04:04:40: Crear Carpeta 'gstps://m4690.jfernandorojasc-gmail-com.goodsync/C:/inetpub/wwwroot/Kairos/Ticket_system/static/vendor'
2018-09-17 04:04:41: Crear Carpeta 'gstps://m4690.jfernandorojasc-gmail-com.goodsync/C:/inetpub/wwwroot/Kairos/Ticket_system/static/vendor/animate'
2018-09-17 04:04:41: Crear Carpeta 'gstps://m4690.jfernandorojasc-gmail-com.goodsync/C:/inetpub/wwwroot/Kairos/Ticket_system/static/vendor/animsition'
2018-09-17 04:04:42: Crear Carpeta 'gstps://m4690.jfernandorojasc-gmail-com.goodsync/C:/inetpub/wwwroot/Kairos/Ticket_system/static/vendor/animsition/css'
2018-09-17 04:04:43: Crear Carpeta 'gstps://m4690.jfernandorojasc-gmail-com.goodsync/C:/inetpub/wwwroot/Kairos/Ticket_system/static/vendor/animsition/js'
2018-09-17 04:04:43: Crear Carpeta 'gstps://m4690.jfernandorojasc-gmail-com.goodsync/C:/inetpub/wwwroot/Kairos/Ticket_system/static/vendor/bootstrap'
2018-09-17 04:04:44: Crear Carpeta 'gstps://m4690.jfernandorojasc-gmail-com.goodsync/C:/inetpub/wwwroot/Kairos/Ticket_system/static/vendor/bootstrap/css'
2018-09-17 04:04:44: Crear Carpeta 'gstps://m4690.jfernandorojasc-gmail-com.goodsync/C:/inetpub/wwwroot/Kairos/Ticket_system/static/vendor/bootstrap/js'
2018-09-17 04:04:45: Crear Carpeta 'gstps://m4690.jfernandorojasc-gmail-com.goodsync/C:/inetpub/wwwroot/Kairos/Ticket_system/static/vendor/countdowntime'
2018-09-17 04:04:46: Crear Carpeta 'gstps://m4690.jfernandorojasc-gmail-com.goodsync/C:/inetpub/wwwroot/Kairos/Ticket_system/static/vendor/css-hamburgers'
2018-09-17 04:04:46: Crear Carpeta 'gstps://m4690.jfernandorojasc-gmail-com.goodsync/C:/inetpub/wwwroot/Kairos/Ticket_system/static/vendor/daterangepicker'
2018-09-17 04:04:47: Crear Carpeta 'gstps://m4690.jfernandorojasc-gmail-com.goodsync/C:/inetpub/wwwroot/Kairos/Ticket_system/static/vendor/jquery'
2018-09-17 04:04:47: Crear Carpeta 'gstps://m4690.jfernandorojasc-gmail-com.goodsync/C:/inetpub/wwwroot/Kairos/Ticket_system/static/vendor/perfect-scrollbar'
2018-09-17 04:04:48: Crear Carpeta 'gstps://m4690.jfernandorojasc-gmail-com.goodsync/C:/inetpub/wwwroot/Kairos/Ticket_system/static/vendor/select2'
2018-09-17 04:04:49: Copiar Nueva 'C:/Users/RADEON/Desktop/wwwroot/Ticket_system/static/css/main.css' -> 'gstps://m4690.jfernandorojasc-gmail-com.goodsync/C:/inetpub/wwwroot/Kairos/Ticket_system/static/css/main.css' (10.117)
2018-09-17 04:04:53: Copiar Nueva 'C:/Users/RADEON/Desktop/wwwroot/Ticket_system/static/css/util.css' -> 'gstps://m4690.jfernandorojasc-gmail-com.goodsync/C:/inetpub/wwwroot/Kairos/Ticket_system/static/css/util.css' (86.814)
2018-09-17 04:04:55: Copiar Nueva 'C:/Users/RADEON/Desktop/wwwroot/Ticket_system/static/fonts/font-awesome-4.7.0/css/font-awesome.css' -> 'gstps://m4690.jfernandorojasc-gmail-com.goodsync/C:/inetpub/wwwroot/Kairos/Ticket_system/static/fonts/font-awesome-4.7.0/css/font-awesome.css' (37.414)
2018-09-17 04:04:58: Copiar Nueva 'C:/Users/RADEON/Desktop/wwwroot/Ticket_system/static/fonts/font-awesome-4.7.0/css/font-awesome.min.css' -> 'gstps://m4690.jfernandorojasc-gmail-com.goodsync/C:/inetpub/wwwroot/Kairos/Ticket_system/static/fonts/font-awesome-4.7.0/css/font-awesome.min.css' (31.000)
2018-09-17 04:05:01: Copiar Nueva 'C:/Users/RADEON/Desktop/wwwroot/Ticket_system/static/fonts/font-awesome-4.7.0/fonts/fontawesome-webfont.eot' -> 'gstps://m4690.jfernandorojasc-gmail-com.goodsync/C:/inetpub/wwwroot/Kairos/Ticket_system/static/fonts/font-awesome-4.7.0/fonts/fontawesome-webfont.eot' (165.742)
2018-09-17 04:05:10: Copiar Nueva 'C:/Users/RADEON/Desktop/wwwroot/Ticket_system/static/fonts/font-awesome-4.7.0/fonts/fontawesome-webfont.svg' -> 'gstps://m4690.jfernandorojasc-gmail-com.goodsync/C:/inetpub/wwwroot/Kairos/Ticket_system/static/fonts/font-awesome-4.7.0/fonts/fontawesome-webfont.svg' (444.379)
2018-09-17 04:05:15: Copiar Nueva 'C:/Users/RADEON/Desktop/wwwroot/Ticket_system/static/fonts/font-awesome-4.7.0/fonts/fontawesome-webfont.ttf' -> 'gstps://m4690.jfernandorojasc-gmail-com.goodsync/C:/inetpub/wwwroot/Kairos/Ticket_system/static/fonts/font-awesome-4.7.0/fonts/fontawesome-webfont.ttf' (165.548)
2018-09-17 04:05:17: Copiar Nueva 'C:/Users/RADEON/Desktop/wwwroot/Ticket_system/static/fonts/font-awesome-4.7.0/fonts/fontawesome-webfont.woff' -> 'gstps://m4690.jfernandorojasc-gmail-com.goodsync/C:/inetpub/wwwroot/Kairos/Ticket_system/static/fonts/font-awesome-4.7.0/fonts/fontawesome-webfont.woff' (98.024)
2018-09-17 04:05:21: Copiar Nueva 'C:/Users/RADEON/Desktop/wwwroot/Ticket_system/static/fonts/font-awesome-4.7.0/fonts/fontawesome-webfont.woff2' -> 'gstps://m4690.jfernandorojasc-gmail-com.goodsync/C:/inetpub/wwwroot/Kairos/Ticket_system/static/fonts/font-awesome-4.7.0/fonts/fontawesome-webfont.woff2' (77.160)
2018-09-17 04:05:24: Copiar Nueva 'C:/Users/RADEON/Desktop/wwwroot/Ticket_system/static/fonts/font-awesome-4.7.0/fonts/FontAwesome.otf' -> 'gstps://m4690.jfernandorojasc-gmail-com.goodsync/C:/inetpub/wwwroot/Kairos/Ticket_system/static/fonts/font-awesome-4.7.0/fonts/FontAwesome.otf' (134.808)
2018-09-17 04:05:25: Copiar Nueva 'C:/Users/RADEON/Desktop/wwwroot/Ticket_system/static/fonts/font-awesome-4.7.0/HELP-US-OUT.txt' -> 'gstps://m4690.jfernandorojasc-gmail-com.goodsync/C:/inetpub/wwwroot/Kairos/Ticket_system/static/fonts/font-awesome-4.7.0/HELP-US-OUT.txt' (323)
2018-09-17 04:05:27: Copiar Nueva 'C:/Users/RADEON/Desktop/wwwroot/Ticket_system/static/fonts/font-awesome-4.7.0/less/animated.less' -> 'gstps://m4690.jfernandorojasc-gmail-com.goodsync/C:/inetpub/wwwroot/Kairos/Ticket_system/static/fonts/font-awesome-4.7.0/less/animated.less' (713)
2018-09-17 04:05:28: Copiar Nueva 'C:/Users/RADEON/Desktop/wwwroot/Ticket_system/static/fonts/font-awesome-4.7.0/less/bordered-pulled.less' -> 'gstps://m4690.jfernandorojasc-gmail-com.goodsync/C:/inetpub/wwwroot/Kairos/Ticket_system/static/fonts/font-awesome-4.7.0/less/bordered-pulled.less' (585)
2018-09-17 04:05:30: Copiar Nueva 'C:/Users/RADEON/Desktop/wwwroot/Ticket_system/static/fonts/font-awesome-4.7.0/less/core.less' -> 'gstps://m4690.jfernandorojasc-gmail-com.goodsync/C:/inetpub/wwwroot/Kairos/Ticket_system/static/fonts/font-awesome-4.7.0/less/core.less' (452)
2018-09-17 04:05:31: Copiar Nueva 'C:/Users/RADEON/Desktop/wwwroot/Ticket_system/static/fonts/font-awesome-4.7.0/less/fixed-width.less' -> 'gstps://m4690.jfernandorojasc-gmail-com.goodsync/C:/inetpub/wwwroot/Kairos/Ticket_system/static/fonts/font-awesome-4.7.0/less/fixed-width.less' (119)
2018-09-17 04:05:33: Copiar Nueva 'C:/Users/RADEON/Desktop/wwwroot/Ticket_system/static/fonts/font-awesome-4.7.0/less/font-awesome.less' -> 'gstps://m4690.jfernandorojasc-gmail-com.goodsync/C:/inetpub/wwwroot/Kairos/Ticket_system/static/fonts/font-awesome-4.7.0/less/font-awesome.less' (495)
2018-09-17 04:05:36: Copiar Nueva 'C:/Users/RADEON/Desktop/wwwroot/Ticket_system/static/fonts/font-awesome-4.7.0/less/icons.less' -> 'gstps://m4690.jfernandorojasc-gmail-com.goodsync/C:/inetpub/wwwroot/Kairos/Ticket_system/static/fonts/font-awesome-4.7.0/less/icons.less' (49.712)
2018-09-17 04:05:37: Copiar Nueva 'C:/Users/RADEON/Desktop/wwwroot/Ticket_system/static/fonts/font-awesome-4.7.0/less/larger.less' -> 'gstps://m4690.jfernandorojasc-gmail-com.goodsync/C:/inetpub/wwwroot/Kairos/Ticket_system/static/fonts/font-awesome-4.7.0/less/larger.less' (370)
2018-09-17 04:05:39: Copiar Nueva 'C:/Users/RADEON/Desktop/wwwroot/Ticket_system/static/fonts/font-awesome-4.7.0/less/list.less' -> 'gstps://m4690.jfernandorojasc-gmail-com.goodsync/C:/inetpub/wwwroot/Kairos/Ticket_system/static/fonts/font-awesome-4.7.0/less/list.less' (377)
2018-09-17 04:05:40: Copiar Nueva 'C:/Users/RADEON/Desktop/wwwroot/Ticket_system/static/fonts/font-awesome-4.7.0/less/mixins.less' -> 'gstps://m4690.jfernandorojasc-gmail-com.goodsync/C:/inetpub/wwwroot/Kairos/Ticket_system/static/fonts/font-awesome-4.7.0/less/mixins.less' (1.603)
2018-09-17 04:05:41: Copiar Nueva 'C:/Users/RADEON/Desktop/wwwroot/Ticket_system/static/fonts/font-awesome-4.7.0/less/path.less' -> 'gstps://m4690.jfernandorojasc-gmail-com.goodsync/C:/inetpub/wwwroot/Kairos/Ticket_system/static/fonts/font-awesome-4.7.0/less/path.less' (771)
2018-09-17 04:05:43: Copiar Nueva 'C:/Users/RADEON/Desktop/wwwroot/Ticket_system/static/fonts/font-awesome-4.7.0/less/rotated-flipped.less' -> 'gstps://m4690.jfernandorojasc-gmail-com.goodsync/C:/inetpub/wwwroot/Kairos/Ticket_system/static/fonts/font-awesome-4.7.0/less/rotated-flipped.less' (622)
2018-09-17 04:05:44: Copiar Nueva 'C:/Users/RADEON/Desktop/wwwroot/Ticket_system/static/fonts/font-awesome-4.7.0/less/screen-reader.less' -> 'gstps://m4690.jfernandorojasc-gmail-com.goodsync/C:/inetpub/wwwroot/Kairos/Ticket_system/static/fonts/font-awesome-4.7.0/less/screen-reader.less' (118)
2018-09-17 04:05:45: Copiar Nueva 'C:/Users/RADEON/Desktop/wwwroot/Ticket_system/static/fonts/font-awesome-4.7.0/less/stacked.less' -> 'gstps://m4690.jfernandorojasc-gmail-com.goodsync/C:/inetpub/wwwroot/Kairos/Ticket_system/static/fonts/font-awesome-4.7.0/less/stacked.less' (476)
2018-09-17 04:05:48: Copiar Nueva 'C:/Users/RADEON/Desktop/wwwroot/Ticket_system/static/fonts/font-awesome-4.7.0/less/variables.less' -> 'gstps://m4690.jfernandorojasc-gmail-com.goodsync/C:/inetpub/wwwroot/Kairos/Ticket_system/static/fonts/font-awesome-4.7.0/less/variables.less' (22.563)
2018-09-17 04:05:49: Copiar Nueva 'C:/Users/RADEON/Desktop/wwwroot/Ticket_system/static/fonts/font-awesome-4.7.0/scss/_animated.scss' -> 'gstps://m4690.jfernandorojasc-gmail-com.goodsync/C:/inetpub/wwwroot/Kairos/Ticket_system/static/fonts/font-awesome-4.7.0/scss/_animated.scss' (715)
2018-09-17 04:05:51: Copiar Nueva 'C:/Users/RADEON/Desktop/wwwroot/Ticket_system/static/fonts/font-awesome-4.7.0/scss/_bordered-pulled.scss' -> 'gstps://m4690.jfernandorojasc-gmail-com.goodsync/C:/inetpub/wwwroot/Kairos/Ticket_system/static/fonts/font-awesome-4.7.0/scss/_bordered-pulled.scss' (592)
2018-09-17 04:05:52: Copiar Nueva 'C:/Users/RADEON/Desktop/wwwroot/Ticket_system/static/fonts/font-awesome-4.7.0/scss/_core.scss' -> 'gstps://m4690.jfernandorojasc-gmail-com.goodsync/C:/inetpub/wwwroot/Kairos/Ticket_system/static/fonts/font-awesome-4.7.0/scss/_core.scss' (459)
2018-09-17 04:05:53: Copiar Nueva 'C:/Users/RADEON/Desktop/wwwroot/Ticket_system/static/fonts/font-awesome-4.7.0/scss/_fixed-width.scss' -> 'gstps://m4690.jfernandorojasc-gmail-com.goodsync/C:/inetpub/wwwroot/Kairos/Ticket_system/static/fonts/font-awesome-4.7.0/scss/_fixed-width.scss' (120)
2018-09-17 04:05:55: Copiar Nueva 'C:/Users/RADEON/Desktop/wwwroot/Ticket_system/static/fonts/font-awesome-4.7.0/scss/_icons.scss' -> 'gstps://m4690.jfernandorojasc-gmail-com.goodsync/C:/inetpub/wwwroot/Kairos/Ticket_system/static/fonts/font-awesome-4.7.0/scss/_icons.scss' (50.498)
2018-09-17 04:05:57: Copiar Nueva 'C:/Users/RADEON/Desktop/wwwroot/Ticket_system/static/fonts/font-awesome-4.7.0/scss/_larger.scss' -> 'gstps://m4690.jfernandorojasc-gmail-com.goodsync/C:/inetpub/wwwroot/Kairos/Ticket_system/static/fonts/font-awesome-4.7.0/scss/_larger.scss' (375)
2018-09-17 04:05:58: Copiar Nueva 'C:/Users/RADEON/Desktop/wwwroot/Ticket_system/static/fonts/font-awesome-4.7.0/scss/_list.scss' -> 'gstps://m4690.jfernandorojasc-gmail-com.goodsync/C:/inetpub/wwwroot/Kairos/Ticket_system/static/fonts/font-awesome-4.7.0/scss/_list.scss' (378)
2018-09-17 04:06:00: Copiar Nueva 'C:/Users/RADEON/Desktop/wwwroot/Ticket_system/static/fonts/font-awesome-4.7.0/scss/_mixins.scss' -> 'gstps://m4690.jfernandorojasc-gmail-com.goodsync/C:/inetpub/wwwroot/Kairos/Ticket_system/static/fonts/font-awesome-4.7.0/scss/_mixins.scss' (1.637)
2018-09-17 04:06:01: Copiar Nueva 'C:/Users/RADEON/Desktop/wwwroot/Ticket_system/static/fonts/font-awesome-4.7.0/scss/_path.scss' -> 'gstps://m4690.jfernandorojasc-gmail-com.goodsync/C:/inetpub/wwwroot/Kairos/Ticket_system/static/fonts/font-awesome-4.7.0/scss/_path.scss' (783)
2018-09-17 04:06:02: Copiar Nueva 'C:/Users/RADEON/Desktop/wwwroot/Ticket_system/static/fonts/font-awesome-4.7.0/scss/_rotated-flipped.scss' -> 'gstps://m4690.jfernandorojasc-gmail-com.goodsync/C:/inetpub/wwwroot/Kairos/Ticket_system/static/fonts/font-awesome-4.7.0/scss/_rotated-flipped.scss' (672)
2018-09-17 04:06:04: Copiar Nueva 'C:/Users/RADEON/Desktop/wwwroot/Ticket_system/static/fonts/font-awesome-4.7.0/scss/_screen-reader.scss' -> 'gstps://m4690.jfernandorojasc-gmail-com.goodsync/C:/inetpub/wwwroot/Kairos/Ticket_system/static/fonts/font-awesome-4.7.0/scss/_screen-reader.scss' (134)
2018-09-17 04:06:05: Copiar Nueva 'C:/Users/RADEON/Desktop/wwwroot/Ticket_system/static/fonts/font-awesome-4.7.0/scss/_stacked.scss' -> 'gstps://m4690.jfernandorojasc-gmail-com.goodsync/C:/inetpub/wwwroot/Kairos/Ticket_system/static/fonts/font-awesome-4.7.0/scss/_stacked.scss' (482)
2018-09-17 04:06:08: Copiar Nueva 'C:/Users/RADEON/Desktop/wwwroot/Ticket_system/static/fonts/font-awesome-4.7.0/scss/_variables.scss' -> 'gstps://m4690.jfernandorojasc-gmail-com.goodsync/C:/inetpub/wwwroot/Kairos/Ticket_system/static/fonts/font-awesome-4.7.0/scss/_variables.scss' (22.644)
2018-09-17 04:06:09: Copiar Nueva 'C:/Users/RADEON/Desktop/wwwroot/Ticket_system/static/fonts/font-awesome-4.7.0/scss/font-awesome.scss' -> 'gstps://m4690.jfernandorojasc-gmail-com.goodsync/C:/inetpub/wwwroot/Kairos/Ticket_system/static/fonts/font-awesome-4.7.0/scss/font-awesome.scss' (430)
2018-09-17 04:06:10: Copiar Nueva 'C:/Users/RADEON/Desktop/wwwroot/Ticket_system/static/fonts/Linearicons-Free-v1.0.0/icon-font.min.css' -> 'gstps://m4690.jfernandorojasc-gmail-com.goodsync/C:/inetpub/wwwroot/Kairos/Ticket_system/static/fonts/Linearicons-Free-v1.0.0/icon-font.min.css' (7.354)
2018-09-17 04:06:12: Copiar Nueva 'C:/Users/RADEON/Desktop/wwwroot/Ticket_system/static/fonts/Linearicons-Free-v1.0.0/WebFont/Linearicons-Free.eot' -> 'gstps://m4690.jfernandorojasc-gmail-com.goodsync/C:/inetpub/wwwroot/Kairos/Ticket_system/static/fonts/Linearicons-Free-v1.0.0/WebFont/Linearicons-Free.eot' (55.820)
2018-09-17 04:06:16: Copiar Nueva 'C:/Users/RADEON/Desktop/wwwroot/Ticket_system/static/fonts/Linearicons-Free-v1.0.0/WebFont/Linearicons-Free.svg' -> 'gstps://m4690.jfernandorojasc-gmail-com.goodsync/C:/inetpub/wwwroot/Kairos/Ticket_system/static/fonts/Linearicons-Free-v1.0.0/WebFont/Linearicons-Free.svg' (205.847)
2018-09-17 04:06:19: Copiar Nueva 'C:/Users/RADEON/Desktop/wwwroot/Ticket_system/static/fonts/Linearicons-Free-v1.0.0/WebFont/Linearicons-Free.ttf' -> 'gstps://m4690.jfernandorojasc-gmail-com.goodsync/C:/inetpub/wwwroot/Kairos/Ticket_system/static/fonts/Linearicons-Free-v1.0.0/WebFont/Linearicons-Free.ttf' (55.620)
2018-09-17 04:06:21: Copiar Nueva 'C:/Users/RADEON/Desktop/wwwroot/Ticket_system/static/fonts/Linearicons-Free-v1.0.0/WebFont/Linearicons-Free.woff' -> 'gstps://m4690.jfernandorojasc-gmail-com.goodsync/C:/inetpub/wwwroot/Kairos/Ticket_system/static/fonts/Linearicons-Free-v1.0.0/WebFont/Linearicons-Free.woff' (55.696)
2018-09-17 04:06:24: Copiar Nueva 'C:/Users/RADEON/Desktop/wwwroot/Ticket_system/static/fonts/Linearicons-Free-v1.0.0/WebFont/Linearicons-Free.woff2' -> 'gstps://m4690.jfernandorojasc-gmail-com.goodsync/C:/inetpub/wwwroot/Kairos/Ticket_system/static/fonts/Linearicons-Free-v1.0.0/WebFont/Linearicons-Free.woff2' (21.780)
2018-09-17 04:06:29: Copiar Nueva 'C:/Users/RADEON/Desktop/wwwroot/Ticket_system/static/fonts/montserrat/Montserrat-Black.ttf' -> 'gstps://m4690.jfernandorojasc-gmail-com.goodsync/C:/inetpub/wwwroot/Kairos/Ticket_system/static/fonts/montserrat/Montserrat-Black.ttf' (275.192)
2018-09-17 04:06:37: Copiar Nueva 'C:/Users/RADEON/Desktop/wwwroot/Ticket_system/static/fonts/montserrat/Montserrat-BlackItalic.ttf' -> 'gstps://m4690.jfernandorojasc-gmail-com.goodsync/C:/inetpub/wwwroot/Kairos/Ticket_system/static/fonts/montserrat/Montserrat-BlackItalic.ttf' (279.380)
2018-09-17 04:06:42: Copiar Nueva 'C:/Users/RADEON/Desktop/wwwroot/Ticket_system/static/fonts/montserrat/Montserrat-Bold.ttf' -> 'gstps://m4690.jfernandorojasc-gmail-com.goodsync/C:/inetpub/wwwroot/Kairos/Ticket_system/static/fonts/montserrat/Montserrat-Bold.ttf' (261.588)
2018-09-17 04:06:48: Copiar Nueva 'C:/Users/RADEON/Desktop/wwwroot/Ticket_system/static/fonts/montserrat/Montserrat-BoldItalic.ttf' -> 'gstps://m4690.jfernandorojasc-gmail-com.goodsync/C:/inetpub/wwwroot/Kairos/Ticket_system/static/fonts/montserrat/Montserrat-BoldItalic.ttf' (266.748)
2018-09-17 04:06:53: Copiar Nueva 'C:/Users/RADEON/Desktop/wwwroot/Ticket_system/static/fonts/montserrat/Montserrat-ExtraBold.ttf' -> 'gstps://m4690.jfernandorojasc-gmail-com.goodsync/C:/inetpub/wwwroot/Kairos/Ticket_system/static/fonts/montserrat/Montserrat-ExtraBold.ttf' (262.108)
2018-09-17 04:06:58: Copiar Nueva 'C:/Users/RADEON/Desktop/wwwroot/Ticket_system/static/fonts/montserrat/Montserrat-ExtraBoldItalic.ttf' -> 'gstps://m4690.jfernandorojasc-gmail-com.goodsync/C:/inetpub/wwwroot/Kairos/Ticket_system/static/fonts/montserrat/Montserrat-ExtraBoldItalic.ttf' (267.004)
2018-09-17 04:07:04: Copiar Nueva 'C:/Users/RADEON/Desktop/wwwroot/Ticket_system/static/fonts/montserrat/Montserrat-ExtraLight.ttf' -> 'gstps://m4690.jfernandorojasc-gmail-com.goodsync/C:/inetpub/wwwroot/Kairos/Ticket_system/static/fonts/montserrat/Montserrat-ExtraLight.ttf' (259.888)
2018-09-17 04:07:09: Copiar Nueva 'C:/Users/RADEON/Desktop/wwwroot/Ticket_system/static/fonts/montserrat/Montserrat-ExtraLightItalic.ttf' -> 'gstps://m4690.jfernandorojasc-gmail-com.goodsync/C:/inetpub/wwwroot/Kairos/Ticket_system/static/fonts/montserrat/Montserrat-ExtraLightItalic.ttf' (264.004)
2018-09-17 04:07:18: Copiar Nueva 'C:/Users/RADEON/Desktop/wwwroot/Ticket_system/static/fonts/montserrat/Montserrat-Italic.ttf' -> 'gstps://m4690.jfernandorojasc-gmail-com.goodsync/C:/inetpub/wwwroot/Kairos/Ticket_system/static/fonts/montserrat/Montserrat-Italic.ttf' (266.628)
2018-09-17 04:07:22: Copiar Nueva 'C:/Users/RADEON/Desktop/wwwroot/Ticket_system/static/fonts/montserrat/Montserrat-Light.ttf' -> 'gstps://m4690.jfernandorojasc-gmail-com.goodsync/C:/inetpub/wwwroot/Kairos/Ticket_system/static/fonts/montserrat/Montserrat-Light.ttf' (259.416)
2018-09-17 04:07:27: Copiar Nueva 'C:/Users/RADEON/Desktop/wwwroot/Ticket_system/static/fonts/montserrat/Montserrat-LightItalic.ttf' -> 'gstps://m4690.jfernandorojasc-gmail-com.goodsync/C:/inetpub/wwwroot/Kairos/Ticket_system/static/fonts/montserrat/Montserrat-LightItalic.ttf' (263.712)
2018-09-17 04:07:32: Copiar Nueva 'C:/Users/RADEON/Desktop/wwwroot/Ticket_system/static/fonts/montserrat/Montserrat-Medium.ttf' -> 'gstps://m4690.jfernandorojasc-gmail-com.goodsync/C:/inetpub/wwwroot/Kairos/Ticket_system/static/fonts/montserrat/Montserrat-Medium.ttf' (260.236)
2018-09-17 04:07:37: Copiar Nueva 'C:/Users/RADEON/Desktop/wwwroot/Ticket_system/static/fonts/montserrat/Montserrat-MediumItalic.ttf' -> 'gstps://m4690.jfernandorojasc-gmail-com.goodsync/C:/inetpub/wwwroot/Kairos/Ticket_system/static/fonts/montserrat/Montserrat-MediumItalic.ttf' (265.176)
2018-09-17 04:07:43: Copiar Nueva 'C:/Users/RADEON/Desktop/wwwroot/Ticket_system/static/fonts/montserrat/Montserrat-Regular.ttf' -> 'gstps://m4690.jfernandorojasc-gmail-com.goodsync/C:/inetpub/wwwroot/Kairos/Ticket_system/static/fonts/montserrat/Montserrat-Regular.ttf' (263.192)
2018-09-17 04:07:47: Copiar Nueva 'C:/Users/RADEON/Desktop/wwwroot/Ticket_system/static/fonts/montserrat/Montserrat-SemiBold.ttf' -> 'gstps://m4690.jfernandorojasc-gmail-com.goodsync/C:/inetpub/wwwroot/Kairos/Ticket_system/static/fonts/montserrat/Montserrat-SemiBold.ttf' (260.936)
2018-09-17 04:07:55: Copiar Nueva 'C:/Users/RADEON/Desktop/wwwroot/Ticket_system/static/fonts/montserrat/Montserrat-SemiBoldItalic.ttf' -> 'gstps://m4690.jfernandorojasc-gmail-com.goodsync/C:/inetpub/wwwroot/Kairos/Ticket_system/static/fonts/montserrat/Montserrat-SemiBoldItalic.ttf' (266.336)
2018-09-17 04:08:00: Copiar Nueva 'C:/Users/RADEON/Desktop/wwwroot/Ticket_system/static/fonts/montserrat/Montserrat-Thin.ttf' -> 'gstps://m4690.jfernandorojasc-gmail-com.goodsync/C:/inetpub/wwwroot/Kairos/Ticket_system/static/fonts/montserrat/Montserrat-Thin.ttf' (258.748)
2018-09-17 04:08:07: Copiar Nueva 'C:/Users/RADEON/Desktop/wwwroot/Ticket_system/static/fonts/montserrat/Montserrat-ThinItalic.ttf' -> 'gstps://m4690.jfernandorojasc-gmail-com.goodsync/C:/inetpub/wwwroot/Kairos/Ticket_system/static/fonts/montserrat/Montserrat-ThinItalic.ttf' (262.776)
2018-09-17 04:08:08: Copiar Nueva 'C:/Users/RADEON/Desktop/wwwroot/Ticket_system/static/fonts/montserrat/OFL.txt' -> 'gstps://m4690.jfernandorojasc-gmail-com.goodsync/C:/inetpub/wwwroot/Kairos/Ticket_system/static/fonts/montserrat/OFL.txt' (4.485)
2018-09-17 04:08:11: Copiar Nueva 'C:/Users/RADEON/Desktop/wwwroot/Ticket_system/static/fonts/poppins/Poppins-Black.ttf' -> 'gstps://m4690.jfernandorojasc-gmail-com.goodsync/C:/inetpub/wwwroot/Kairos/Ticket_system/static/fonts/poppins/Poppins-Black.ttf' (139.056)
2018-09-17 04:08:16: Copiar Nueva 'C:/Users/RADEON/Desktop/wwwroot/Ticket_system/static/fonts/poppins/Poppins-BlackItalic.ttf' -> 'gstps://m4690.jfernandorojasc-gmail-com.goodsync/C:/inetpub/wwwroot/Kairos/Ticket_system/static/fonts/poppins/Poppins-BlackItalic.ttf' (155.956)
2018-09-17 04:08:19: Copiar Nueva 'C:/Users/RADEON/Desktop/wwwroot/Ticket_system/static/fonts/poppins/Poppins-Bold.ttf' -> 'gstps://m4690.jfernandorojasc-gmail-com.goodsync/C:/inetpub/wwwroot/Kairos/Ticket_system/static/fonts/poppins/Poppins-Bold.ttf' (141.260)
2018-09-17 04:08:24: Copiar Nueva 'C:/Users/RADEON/Desktop/wwwroot/Ticket_system/static/fonts/poppins/Poppins-BoldItalic.ttf' -> 'gstps://m4690.jfernandorojasc-gmail-com.goodsync/C:/inetpub/wwwroot/Kairos/Ticket_system/static/fonts/poppins/Poppins-BoldItalic.ttf' (160.224)
2018-09-17 04:08:27: Copiar Nueva 'C:/Users/RADEON/Desktop/wwwroot/Ticket_system/static/fonts/poppins/Poppins-ExtraBold.ttf' -> 'gstps://m4690.jfernandorojasc-gmail-com.goodsync/C:/inetpub/wwwroot/Kairos/Ticket_system/static/fonts/poppins/Poppins-ExtraBold.ttf' (140.220)
2018-09-17 04:08:30: Copiar Nueva 'C:/Users/RADEON/Desktop/wwwroot/Ticket_system/static/fonts/poppins/Poppins-ExtraBoldItalic.ttf' -> 'gstps://m4690.jfernandorojasc-gmail-com.goodsync/C:/inetpub/wwwroot/Kairos/Ticket_system/static/fonts/poppins/Poppins-ExtraBoldItalic.ttf' (158.708)
2018-09-17 04:08:33: Copiar Nueva 'C:/Users/RADEON/Desktop/wwwroot/Ticket_system/static/fonts/poppins/Poppins-ExtraLight.ttf' -> 'gstps://m4690.jfernandorojasc-gmail-com.goodsync/C:/inetpub/wwwroot/Kairos/Ticket_system/static/fonts/poppins/Poppins-ExtraLight.ttf' (147.952)
2018-09-17 04:08:36: Copiar Nueva 'C:/Users/RADEON/Desktop/wwwroot/Ticket_system/static/fonts/poppins/Poppins-ExtraLightItalic.ttf' -> 'gstps://m4690.jfernandorojasc-gmail-com.goodsync/C:/inetpub/wwwroot/Kairos/Ticket_system/static/fonts/poppins/Poppins-ExtraLightItalic.ttf' (170.912)
2018-09-17 04:08:39: Copiar Nueva 'C:/Users/RADEON/Desktop/wwwroot/Ticket_system/static/fonts/poppins/Poppins-Italic.ttf' -> 'gstps://m4690.jfernandorojasc-gmail-com.goodsync/C:/inetpub/wwwroot/Kairos/Ticket_system/static/fonts/poppins/Poppins-Italic.ttf' (167.140)
2018-09-17 04:08:42: Copiar Nueva 'C:/Users/RADEON/Desktop/wwwroot/Ticket_system/static/fonts/poppins/Poppins-Light.ttf' -> 'gstps://m4690.jfernandorojasc-gmail-com.goodsync/C:/inetpub/wwwroot/Kairos/Ticket_system/static/fonts/poppins/Poppins-Light.ttf' (146.472)
2018-09-17 04:08:46: Copiar Nueva 'C:/Users/RADEON/Desktop/wwwroot/Ticket_system/static/fonts/poppins/Poppins-LightItalic.ttf' -> 'gstps://m4690.jfernandorojasc-gmail-com.goodsync/C:/inetpub/wwwroot/Kairos/Ticket_system/static/fonts/poppins/Poppins-LightItalic.ttf' (168.944)
2018-09-17 04:08:49: Copiar Nueva 'C:/Users/RADEON/Desktop/wwwroot/Ticket_system/static/fonts/poppins/Poppins-Medium.ttf' -> 'gstps://m4690.jfernandorojasc-gmail-com.goodsync/C:/inetpub/wwwroot/Kairos/Ticket_system/static/fonts/poppins/Poppins-Medium.ttf' (143.516)
2018-09-17 04:08:52: Copiar Nueva 'C:/Users/RADEON/Desktop/wwwroot/Ticket_system/static/fonts/poppins/Poppins-MediumItalic.ttf' -> 'gstps://m4690.jfernandorojasc-gmail-com.goodsync/C:/inetpub/wwwroot/Kairos/Ticket_system/static/fonts/poppins/Poppins-MediumItalic.ttf' (165.512)
2018-09-17 04:08:55: Copiar Nueva 'C:/Users/RADEON/Desktop/wwwroot/Ticket_system/static/fonts/poppins/Poppins-Regular.ttf' -> 'gstps://m4690.jfernandorojasc-gmail-com.goodsync/C:/inetpub/wwwroot/Kairos/Ticket_system/static/fonts/poppins/Poppins-Regular.ttf' (145.312)
2018-09-17 04:08:58: Copiar Nueva 'C:/Users/RADEON/Desktop/wwwroot/Ticket_system/static/fonts/poppins/Poppins-SemiBold.ttf' -> 'gstps://m4690.jfernandorojasc-gmail-com.goodsync/C:/inetpub/wwwroot/Kairos/Ticket_system/static/fonts/poppins/Poppins-SemiBold.ttf' (142.148)
2018-09-17 04:09:01: Copiar Nueva 'C:/Users/RADEON/Desktop/wwwroot/Ticket_system/static/fonts/poppins/Poppins-SemiBoldItalic.ttf' -> 'gstps://m4690.jfernandorojasc-gmail-com.goodsync/C:/inetpub/wwwroot/Kairos/Ticket_system/static/fonts/poppins/Poppins-SemiBoldItalic.ttf' (161.896)
2018-09-17 04:09:04: Copiar Nueva 'C:/Users/RADEON/Desktop/wwwroot/Ticket_system/static/fonts/poppins/Poppins-Thin.ttf' -> 'gstps://m4690.jfernandorojasc-gmail-com.goodsync/C:/inetpub/wwwroot/Kairos/Ticket_system/static/fonts/poppins/Poppins-Thin.ttf' (148.976)
2018-09-17 04:09:07: Copiar Nueva 'C:/Users/RADEON/Desktop/wwwroot/Ticket_system/static/fonts/poppins/Poppins-ThinItalic.ttf' -> 'gstps://m4690.jfernandorojasc-gmail-com.goodsync/C:/inetpub/wwwroot/Kairos/Ticket_system/static/fonts/poppins/Poppins-ThinItalic.ttf' (172.308)
2018-09-17 04:09:10: Copiar Nueva 'C:/Users/RADEON/Desktop/wwwroot/Ticket_system/static/images/bg-01.jpg' -> 'gstps://m4690.jfernandorojasc-gmail-com.goodsync/C:/inetpub/wwwroot/Kairos/Ticket_system/static/images/bg-01.jpg' (133.381)
2018-09-17 04:09:12: Copiar Nueva 'C:/Users/RADEON/Desktop/wwwroot/Ticket_system/static/images/icons/favicon.ico' -> 'gstps://m4690.jfernandorojasc-gmail-com.goodsync/C:/inetpub/wwwroot/Kairos/Ticket_system/static/images/icons/favicon.ico' (32.038)
2018-09-17 04:09:14: Copiar Nueva 'C:/Users/RADEON/Desktop/wwwroot/Ticket_system/static/images/img-01.png' -> 'gstps://m4690.jfernandorojasc-gmail-com.goodsync/C:/inetpub/wwwroot/Kairos/Ticket_system/static/images/img-01.png' (13.433)
2018-09-17 04:09:15: Copiar Nueva 'C:/Users/RADEON/Desktop/wwwroot/Ticket_system/static/index.php' -> 'gstps://m4690.jfernandorojasc-gmail-com.goodsync/C:/inetpub/wwwroot/Kairos/Ticket_system/static/index.php' (6.612)
2018-09-17 04:09:16: Copiar Nueva 'C:/Users/RADEON/Desktop/wwwroot/Ticket_system/static/js/main.js' -> 'gstps://m4690.jfernandorojasc-gmail-com.goodsync/C:/inetpub/wwwroot/Kairos/Ticket_system/static/js/main.js' (1.424)
2018-09-17 04:09:19: Copiar Nueva 'C:/Users/RADEON/Desktop/wwwroot/Ticket_system/static/vendor/animate/animate.css' -> 'gstps://m4690.jfernandorojasc-gmail-com.goodsync/C:/inetpub/wwwroot/Kairos/Ticket_system/static/vendor/animate/animate.css' (23.848)
2018-09-17 04:09:21: Copiar Nueva 'C:/Users/RADEON/Desktop/wwwroot/Ticket_system/static/vendor/animsition/css/animsition.css' -> 'gstps://m4690.jfernandorojasc-gmail-com.goodsync/C:/inetpub/wwwroot/Kairos/Ticket_system/static/vendor/animsition/css/animsition.css' (38.452)
2018-09-17 04:09:24: Copiar Nueva 'C:/Users/RADEON/Desktop/wwwroot/Ticket_system/static/vendor/animsition/css/animsition.min.css' -> 'gstps://m4690.jfernandorojasc-gmail-com.goodsync/C:/inetpub/wwwroot/Kairos/Ticket_system/static/vendor/animsition/css/animsition.min.css' (27.478)
2018-09-17 04:09:25: Copiar Nueva 'C:/Users/RADEON/Desktop/wwwroot/Ticket_system/static/vendor/animsition/js/animsition.js' -> 'gstps://m4690.jfernandorojasc-gmail-com.goodsync/C:/inetpub/wwwroot/Kairos/Ticket_system/static/vendor/animsition/js/animsition.js' (11.945)
2018-09-17 04:09:26: Copiar Nueva 'C:/Users/RADEON/Desktop/wwwroot/Ticket_system/static/vendor/animsition/js/animsition.min.js' -> 'gstps://m4690.jfernandorojasc-gmail-com.goodsync/C:/inetpub/wwwroot/Kairos/Ticket_system/static/vendor/animsition/js/animsition.min.js' (5.615)
2018-09-17 04:09:28: Copiar Nueva 'C:/Users/RADEON/Desktop/wwwroot/Ticket_system/static/vendor/bootstrap/css/bootstrap-grid.css' -> 'gstps://m4690.jfernandorojasc-gmail-com.goodsync/C:/inetpub/wwwroot/Kairos/Ticket_system/static/vendor/bootstrap/css/bootstrap-grid.css' (29.140)
2018-09-17 04:09:31: Copiar Nueva 'C:/Users/RADEON/Desktop/wwwroot/Ticket_system/static/vendor/bootstrap/css/bootstrap-grid.css.map' -> 'gstps://m4690.jfernandorojasc-gmail-com.goodsync/C:/inetpub/wwwroot/Kairos/Ticket_system/static/vendor/bootstrap/css/bootstrap-grid.css.map' (73.751)
2018-09-17 04:09:33: Copiar Nueva 'C:/Users/RADEON/Desktop/wwwroot/Ticket_system/static/vendor/bootstrap/css/bootstrap-grid.min.css' -> 'gstps://m4690.jfernandorojasc-gmail-com.goodsync/C:/inetpub/wwwroot/Kairos/Ticket_system/static/vendor/bootstrap/css/bootstrap-grid.min.css' (21.780)
2018-09-17 04:09:35: Copiar Nueva 'C:/Users/RADEON/Desktop/wwwroot/Ticket_system/static/vendor/bootstrap/css/bootstrap-grid.min.css.map' -> 'gstps://m4690.jfernandorojasc-gmail-com.goodsync/C:/inetpub/wwwroot/Kairos/Ticket_system/static/vendor/bootstrap/css/bootstrap-grid.min.css.map' (52.677)
2018-09-17 04:09:36: Copiar Nueva 'C:/Users/RADEON/Desktop/wwwroot/Ticket_system/static/vendor/bootstrap/css/bootstrap-reboot.css' -> 'gstps://m4690.jfernandorojasc-gmail-com.goodsync/C:/inetpub/wwwroot/Kairos/Ticket_system/static/vendor/bootstrap/css/bootstrap-reboot.css' (4.486)
2018-09-17 04:09:38: Copiar Nueva 'C:/Users/RADEON/Desktop/wwwroot/Ticket_system/static/vendor/bootstrap/css/bootstrap-reboot.css.map' -> 'gstps://m4690.jfernandorojasc-gmail-com.goodsync/C:/inetpub/wwwroot/Kairos/Ticket_system/static/vendor/bootstrap/css/bootstrap-reboot.css.map' (51.030)
2018-09-17 04:09:40: Copiar Nueva 'C:/Users/RADEON/Desktop/wwwroot/Ticket_system/static/vendor/bootstrap/css/bootstrap-reboot.min.css' -> 'gstps://m4690.jfernandorojasc-gmail-com.goodsync/C:/inetpub/wwwroot/Kairos/Ticket_system/static/vendor/bootstrap/css/bootstrap-reboot.min.css' (3.604)
2018-09-17 04:09:42: Copiar Nueva 'C:/Users/RADEON/Desktop/wwwroot/Ticket_system/static/vendor/bootstrap/css/bootstrap-reboot.min.css.map' -> 'gstps://m4690.jfernandorojasc-gmail-com.goodsync/C:/inetpub/wwwroot/Kairos/Ticket_system/static/vendor/bootstrap/css/bootstrap-reboot.min.css.map' (24.646)
2018-09-17 04:09:45: Copiar Nueva 'C:/Users/RADEON/Desktop/wwwroot/Ticket_system/static/vendor/bootstrap/css/bootstrap.css' -> 'gstps://m4690.jfernandorojasc-gmail-com.goodsync/C:/inetpub/wwwroot/Kairos/Ticket_system/static/vendor/bootstrap/css/bootstrap.css' (156.884)
2018-09-17 04:09:52: Copiar Nueva 'C:/Users/RADEON/Desktop/wwwroot/Ticket_system/static/vendor/bootstrap/css/bootstrap.css.map' -> 'gstps://m4690.jfernandorojasc-gmail-com.goodsync/C:/inetpub/wwwroot/Kairos/Ticket_system/static/vendor/bootstrap/css/bootstrap.css.map' (379.132)
2018-09-17 04:09:55: Copiar Nueva 'C:/Users/RADEON/Desktop/wwwroot/Ticket_system/static/vendor/bootstrap/css/bootstrap.min.css' -> 'gstps://m4690.jfernandorojasc-gmail-com.goodsync/C:/inetpub/wwwroot/Kairos/Ticket_system/static/vendor/bootstrap/css/bootstrap.min.css' (124.962)
2018-09-17 04:10:02: Copiar Nueva 'C:/Users/RADEON/Desktop/wwwroot/Ticket_system/static/vendor/bootstrap/css/bootstrap.min.css.map' -> 'gstps://m4690.jfernandorojasc-gmail-com.goodsync/C:/inetpub/wwwroot/Kairos/Ticket_system/static/vendor/bootstrap/css/bootstrap.min.css.map' (502.438)
2018-09-17 04:10:05: Copiar Nueva 'C:/Users/RADEON/Desktop/wwwroot/Ticket_system/static/vendor/bootstrap/js/bootstrap.js' -> 'gstps://m4690.jfernandorojasc-gmail-com.goodsync/C:/inetpub/wwwroot/Kairos/Ticket_system/static/vendor/bootstrap/js/bootstrap.js' (111.390)
2018-09-17 04:10:07: Copiar Nueva 'C:/Users/RADEON/Desktop/wwwroot/Ticket_system/static/vendor/bootstrap/js/bootstrap.min.js' -> 'gstps://m4690.jfernandorojasc-gmail-com.goodsync/C:/inetpub/wwwroot/Kairos/Ticket_system/static/vendor/bootstrap/js/bootstrap.min.js' (51.143)
2018-09-17 04:10:09: Copiar Nueva 'C:/Users/RADEON/Desktop/wwwroot/Ticket_system/static/vendor/bootstrap/js/popper.js' -> 'gstps://m4690.jfernandorojasc-gmail-com.goodsync/C:/inetpub/wwwroot/Kairos/Ticket_system/static/vendor/bootstrap/js/popper.js' (81.670)
2018-09-17 04:10:11: Copiar Nueva 'C:/Users/RADEON/Desktop/wwwroot/Ticket_system/static/vendor/bootstrap/js/popper.min.js' -> 'gstps://m4690.jfernandorojasc-gmail-com.goodsync/C:/inetpub/wwwroot/Kairos/Ticket_system/static/vendor/bootstrap/js/popper.min.js' (19.033)
2018-09-17 04:10:12: Copiar Nueva 'C:/Users/RADEON/Desktop/wwwroot/Ticket_system/static/vendor/bootstrap/js/tooltip.js' -> 'gstps://m4690.jfernandorojasc-gmail-com.goodsync/C:/inetpub/wwwroot/Kairos/Ticket_system/static/vendor/bootstrap/js/tooltip.js' (17.299)
2018-09-17 04:10:14: Copiar Nueva 'C:/Users/RADEON/Desktop/wwwroot/Ticket_system/static/vendor/countdowntime/countdowntime.js' -> 'gstps://m4690.jfernandorojasc-gmail-com.goodsync/C:/inetpub/wwwroot/Kairos/Ticket_system/static/vendor/countdowntime/countdowntime.js' (1.340)
2018-09-17 04:10:16: Copiar Nueva 'C:/Users/RADEON/Desktop/wwwroot/Ticket_system/static/vendor/css-hamburgers/hamburgers.css' -> 'gstps://m4690.jfernandorojasc-gmail-com.goodsync/C:/inetpub/wwwroot/Kairos/Ticket_system/static/vendor/css-hamburgers/hamburgers.css' (24.686)
2018-09-17 04:10:18: Copiar Nueva 'C:/Users/RADEON/Desktop/wwwroot/Ticket_system/static/vendor/css-hamburgers/hamburgers.min.css' -> 'gstps://m4690.jfernandorojasc-gmail-com.goodsync/C:/inetpub/wwwroot/Kairos/Ticket_system/static/vendor/css-hamburgers/hamburgers.min.css' (19.686)
2018-09-17 04:10:20: Copiar Nueva 'C:/Users/RADEON/Desktop/wwwroot/Ticket_system/static/vendor/daterangepicker/daterangepicker.css' -> 'gstps://m4690.jfernandorojasc-gmail-com.goodsync/C:/inetpub/wwwroot/Kairos/Ticket_system/static/vendor/daterangepicker/daterangepicker.css' (8.163)
2018-09-17 04:10:22: Copiar Nueva 'C:/Users/RADEON/Desktop/wwwroot/Ticket_system/static/vendor/daterangepicker/daterangepicker.js' -> 'gstps://m4690.jfernandorojasc-gmail-com.goodsync/C:/inetpub/wwwroot/Kairos/Ticket_system/static/vendor/daterangepicker/daterangepicker.js' (69.776)
2018-09-17 04:10:25: Copiar Nueva 'C:/Users/RADEON/Desktop/wwwroot/Ticket_system/static/vendor/daterangepicker/moment.js' -> 'gstps://m4690.jfernandorojasc-gmail-com.goodsync/C:/inetpub/wwwroot/Kairos/Ticket_system/static/vendor/daterangepicker/moment.js' (134.906)
2018-09-17 04:10:27: Copiar Nueva 'C:/Users/RADEON/Desktop/wwwroot/Ticket_system/static/vendor/daterangepicker/moment.min.js' -> 'gstps://m4690.jfernandorojasc-gmail-com.goodsync/C:/inetpub/wwwroot/Kairos/Ticket_system/static/vendor/daterangepicker/moment.min.js' (46.645)
2018-09-17 04:10:29: Copiar Nueva 'C:/Users/RADEON/Desktop/wwwroot/Ticket_system/static/vendor/jquery/jquery-3.2.1.min.js' -> 'gstps://m4690.jfernandorojasc-gmail-com.goodsync/C:/inetpub/wwwroot/Kairos/Ticket_system/static/vendor/jquery/jquery-3.2.1.min.js' (86.659)
2018-09-17 04:10:31: Copiar Nueva 'C:/Users/RADEON/Desktop/wwwroot/Ticket_system/static/vendor/perfect-scrollbar/perfect-scrollbar.css' -> 'gstps://m4690.jfernandorojasc-gmail-com.goodsync/C:/inetpub/wwwroot/Kairos/Ticket_system/static/vendor/perfect-scrollbar/perfect-scrollbar.css' (2.444)
2018-09-17 04:10:32: Copiar Nueva 'C:/Users/RADEON/Desktop/wwwroot/Ticket_system/static/vendor/perfect-scrollbar/perfect-scrollbar.min.js' -> 'gstps://m4690.jfernandorojasc-gmail-com.goodsync/C:/inetpub/wwwroot/Kairos/Ticket_system/static/vendor/perfect-scrollbar/perfect-scrollbar.min.js' (17.878)
2018-09-17 04:10:34: Copiar Nueva 'C:/Users/RADEON/Desktop/wwwroot/Ticket_system/static/vendor/select2/select2.css' -> 'gstps://m4690.jfernandorojasc-gmail-com.goodsync/C:/inetpub/wwwroot/Kairos/Ticket_system/static/vendor/select2/select2.css' (18.086)
2018-09-17 04:10:40: Copiar Nueva 'C:/Users/RADEON/Desktop/wwwroot/Ticket_system/static/vendor/select2/select2.js' -> 'gstps://m4690.jfernandorojasc-gmail-com.goodsync/C:/inetpub/wwwroot/Kairos/Ticket_system/static/vendor/select2/select2.js' (168.953)
2018-09-17 04:10:41: Copiar Nueva 'C:/Users/RADEON/Desktop/wwwroot/Ticket_system/static/vendor/select2/select2.min.css' -> 'gstps://m4690.jfernandorojasc-gmail-com.goodsync/C:/inetpub/wwwroot/Kairos/Ticket_system/static/vendor/select2/select2.min.css' (15.196)
2018-09-17 04:10:45: Copiar Nueva 'C:/Users/RADEON/Desktop/wwwroot/Ticket_system/static/vendor/select2/select2.min.js' -> 'gstps://m4690.jfernandorojasc-gmail-com.goodsync/C:/inetpub/wwwroot/Kairos/Ticket_system/static/vendor/select2/select2.min.js' (66.664)
2018-09-17 04:10:48: == Sinc. Completa. Tiempo: 00:06:17, Velocidad: 33,6 KB/s, OK: 198, Errores: 0
2018-09-17 04:10:48: 
