2018-09-15 12:25:44: m4690.jfernandorojasc-gmail-com.goodsync is REMOTE, trying DIRECT at 213.136.67.9:33333
2018-09-15 12:25:45: MustRetry after Recv: Recv: [requesting Digest auth]: 
2018-09-15 12:25:46: -- Análisis iniciado por On File Change Incremental
2018-09-15 12:25:58: Cambios: 61, Conflictos: 0, CopiaFecha: 0, CopiaEstado: 0, Errores: 0, All: 927
2018-09-15 12:25:58: Right to Left: Copy File: 61 
2018-09-15 12:25:58: == Sinc comenzada por On File Change Incremental
2018-09-15 12:25:59: Crear Carpeta 'gstps://m4690.jfernandorojasc-gmail-com.goodsync/C:/inetpub/wwwroot/Kairos/PHPMailer/language'
2018-09-15 12:26:00: Crear Carpeta 'gstps://m4690.jfernandorojasc-gmail-com.goodsync/C:/inetpub/wwwroot/Kairos/PHPMailer/src'
2018-09-15 12:26:01: Copiar Nueva 'C:/Users/RADEON/Desktop/wwwroot/PHPMailer/get_oauth_token.php' -> 'gstps://m4690.jfernandorojasc-gmail-com.goodsync/C:/inetpub/wwwroot/Kairos/PHPMailer/get_oauth_token.php' (4.866)
2018-09-15 12:26:03: Copiar Nueva 'C:/Users/RADEON/Desktop/wwwroot/PHPMailer/language/phpmailer.lang-am.php' -> 'gstps://m4690.jfernandorojasc-gmail-com.goodsync/C:/inetpub/wwwroot/Kairos/PHPMailer/language/phpmailer.lang-am.php' (2.185)
2018-09-15 12:26:04: Copiar Nueva 'C:/Users/RADEON/Desktop/wwwroot/PHPMailer/language/phpmailer.lang-ar.php' -> 'gstps://m4690.jfernandorojasc-gmail-com.goodsync/C:/inetpub/wwwroot/Kairos/PHPMailer/language/phpmailer.lang-ar.php' (2.055)
2018-09-15 12:26:05: Copiar Nueva 'C:/Users/RADEON/Desktop/wwwroot/PHPMailer/language/phpmailer.lang-az.php' -> 'gstps://m4690.jfernandorojasc-gmail-com.goodsync/C:/inetpub/wwwroot/Kairos/PHPMailer/language/phpmailer.lang-az.php' (1.748)
2018-09-15 12:26:07: Copiar Nueva 'C:/Users/RADEON/Desktop/wwwroot/PHPMailer/language/phpmailer.lang-ba.php' -> 'gstps://m4690.jfernandorojasc-gmail-com.goodsync/C:/inetpub/wwwroot/Kairos/PHPMailer/language/phpmailer.lang-ba.php' (1.743)
2018-09-15 12:26:08: Copiar Nueva 'C:/Users/RADEON/Desktop/wwwroot/PHPMailer/language/phpmailer.lang-be.php' -> 'gstps://m4690.jfernandorojasc-gmail-com.goodsync/C:/inetpub/wwwroot/Kairos/PHPMailer/language/phpmailer.lang-be.php' (2.177)
2018-09-15 12:26:09: Copiar Nueva 'C:/Users/RADEON/Desktop/wwwroot/PHPMailer/language/phpmailer.lang-bg.php' -> 'gstps://m4690.jfernandorojasc-gmail-com.goodsync/C:/inetpub/wwwroot/Kairos/PHPMailer/language/phpmailer.lang-bg.php' (2.195)
2018-09-15 12:26:11: Copiar Nueva 'C:/Users/RADEON/Desktop/wwwroot/PHPMailer/language/phpmailer.lang-ca.php' -> 'gstps://m4690.jfernandorojasc-gmail-com.goodsync/C:/inetpub/wwwroot/Kairos/PHPMailer/language/phpmailer.lang-ca.php' (1.729)
2018-09-15 12:26:12: Copiar Nueva 'C:/Users/RADEON/Desktop/wwwroot/PHPMailer/language/phpmailer.lang-ch.php' -> 'gstps://m4690.jfernandorojasc-gmail-com.goodsync/C:/inetpub/wwwroot/Kairos/PHPMailer/language/phpmailer.lang-ch.php' (1.613)
2018-09-15 12:26:14: Copiar Nueva 'C:/Users/RADEON/Desktop/wwwroot/PHPMailer/language/phpmailer.lang-cs.php' -> 'gstps://m4690.jfernandorojasc-gmail-com.goodsync/C:/inetpub/wwwroot/Kairos/PHPMailer/language/phpmailer.lang-cs.php' (1.646)
2018-09-15 12:26:15: Copiar Nueva 'C:/Users/RADEON/Desktop/wwwroot/PHPMailer/language/phpmailer.lang-da.php' -> 'gstps://m4690.jfernandorojasc-gmail-com.goodsync/C:/inetpub/wwwroot/Kairos/PHPMailer/language/phpmailer.lang-da.php' (1.611)
2018-09-15 12:26:16: Copiar Nueva 'C:/Users/RADEON/Desktop/wwwroot/PHPMailer/language/phpmailer.lang-de.php' -> 'gstps://m4690.jfernandorojasc-gmail-com.goodsync/C:/inetpub/wwwroot/Kairos/PHPMailer/language/phpmailer.lang-de.php' (1.750)
2018-09-15 12:26:18: Copiar Nueva 'C:/Users/RADEON/Desktop/wwwroot/PHPMailer/language/phpmailer.lang-el.php' -> 'gstps://m4690.jfernandorojasc-gmail-com.goodsync/C:/inetpub/wwwroot/Kairos/PHPMailer/language/phpmailer.lang-el.php' (2.294)
2018-09-15 12:26:19: Copiar Nueva 'C:/Users/RADEON/Desktop/wwwroot/PHPMailer/language/phpmailer.lang-eo.php' -> 'gstps://m4690.jfernandorojasc-gmail-com.goodsync/C:/inetpub/wwwroot/Kairos/PHPMailer/language/phpmailer.lang-eo.php' (1.664)
2018-09-15 12:26:21: Copiar Nueva 'C:/Users/RADEON/Desktop/wwwroot/PHPMailer/language/phpmailer.lang-es.php' -> 'gstps://m4690.jfernandorojasc-gmail-com.goodsync/C:/inetpub/wwwroot/Kairos/PHPMailer/language/phpmailer.lang-es.php' (1.723)
2018-09-15 12:26:22: Copiar Nueva 'C:/Users/RADEON/Desktop/wwwroot/PHPMailer/language/phpmailer.lang-et.php' -> 'gstps://m4690.jfernandorojasc-gmail-com.goodsync/C:/inetpub/wwwroot/Kairos/PHPMailer/language/phpmailer.lang-et.php' (1.743)
2018-09-15 12:26:23: Copiar Nueva 'C:/Users/RADEON/Desktop/wwwroot/PHPMailer/language/phpmailer.lang-fa.php' -> 'gstps://m4690.jfernandorojasc-gmail-com.goodsync/C:/inetpub/wwwroot/Kairos/PHPMailer/language/phpmailer.lang-fa.php' (2.065)
2018-09-15 12:26:25: Copiar Nueva 'C:/Users/RADEON/Desktop/wwwroot/PHPMailer/language/phpmailer.lang-fi.php' -> 'gstps://m4690.jfernandorojasc-gmail-com.goodsync/C:/inetpub/wwwroot/Kairos/PHPMailer/language/phpmailer.lang-fi.php' (1.730)
2018-09-15 12:26:26: Copiar Nueva 'C:/Users/RADEON/Desktop/wwwroot/PHPMailer/language/phpmailer.lang-fo.php' -> 'gstps://m4690.jfernandorojasc-gmail-com.goodsync/C:/inetpub/wwwroot/Kairos/PHPMailer/language/phpmailer.lang-fo.php' (1.636)
2018-09-15 12:26:27: Copiar Nueva 'C:/Users/RADEON/Desktop/wwwroot/PHPMailer/language/phpmailer.lang-fr.php' -> 'gstps://m4690.jfernandorojasc-gmail-com.goodsync/C:/inetpub/wwwroot/Kairos/PHPMailer/language/phpmailer.lang-fr.php' (2.004)
2018-09-15 12:26:29: Copiar Nueva 'C:/Users/RADEON/Desktop/wwwroot/PHPMailer/language/phpmailer.lang-gl.php' -> 'gstps://m4690.jfernandorojasc-gmail-com.goodsync/C:/inetpub/wwwroot/Kairos/PHPMailer/language/phpmailer.lang-gl.php' (1.741)
2018-09-15 12:26:30: Copiar Nueva 'C:/Users/RADEON/Desktop/wwwroot/PHPMailer/language/phpmailer.lang-he.php' -> 'gstps://m4690.jfernandorojasc-gmail-com.goodsync/C:/inetpub/wwwroot/Kairos/PHPMailer/language/phpmailer.lang-he.php' (1.811)
2018-09-15 12:26:32: Copiar Nueva 'C:/Users/RADEON/Desktop/wwwroot/PHPMailer/language/phpmailer.lang-hi.php' -> 'gstps://m4690.jfernandorojasc-gmail-com.goodsync/C:/inetpub/wwwroot/Kairos/PHPMailer/language/phpmailer.lang-hi.php' (2.591)
2018-09-15 12:26:33: Copiar Nueva 'C:/Users/RADEON/Desktop/wwwroot/PHPMailer/language/phpmailer.lang-hr.php' -> 'gstps://m4690.jfernandorojasc-gmail-com.goodsync/C:/inetpub/wwwroot/Kairos/PHPMailer/language/phpmailer.lang-hr.php' (1.753)
2018-09-15 12:26:34: Copiar Nueva 'C:/Users/RADEON/Desktop/wwwroot/PHPMailer/language/phpmailer.lang-hu.php' -> 'gstps://m4690.jfernandorojasc-gmail-com.goodsync/C:/inetpub/wwwroot/Kairos/PHPMailer/language/phpmailer.lang-hu.php' (1.716)
2018-09-15 12:26:36: Copiar Nueva 'C:/Users/RADEON/Desktop/wwwroot/PHPMailer/language/phpmailer.lang-id.php' -> 'gstps://m4690.jfernandorojasc-gmail-com.goodsync/C:/inetpub/wwwroot/Kairos/PHPMailer/language/phpmailer.lang-id.php' (1.774)
2018-09-15 12:26:37: Copiar Nueva 'C:/Users/RADEON/Desktop/wwwroot/PHPMailer/language/phpmailer.lang-it.php' -> 'gstps://m4690.jfernandorojasc-gmail-com.goodsync/C:/inetpub/wwwroot/Kairos/PHPMailer/language/phpmailer.lang-it.php' (1.818)
2018-09-15 12:26:39: Copiar Nueva 'C:/Users/RADEON/Desktop/wwwroot/PHPMailer/language/phpmailer.lang-ja.php' -> 'gstps://m4690.jfernandorojasc-gmail-com.goodsync/C:/inetpub/wwwroot/Kairos/PHPMailer/language/phpmailer.lang-ja.php' (1.924)
2018-09-15 12:26:40: Copiar Nueva 'C:/Users/RADEON/Desktop/wwwroot/PHPMailer/language/phpmailer.lang-ka.php' -> 'gstps://m4690.jfernandorojasc-gmail-com.goodsync/C:/inetpub/wwwroot/Kairos/PHPMailer/language/phpmailer.lang-ka.php' (2.883)
2018-09-15 12:26:41: Copiar Nueva 'C:/Users/RADEON/Desktop/wwwroot/PHPMailer/language/phpmailer.lang-ko.php' -> 'gstps://m4690.jfernandorojasc-gmail-com.goodsync/C:/inetpub/wwwroot/Kairos/PHPMailer/language/phpmailer.lang-ko.php' (1.770)
2018-09-15 12:26:43: Copiar Nueva 'C:/Users/RADEON/Desktop/wwwroot/PHPMailer/language/phpmailer.lang-lt.php' -> 'gstps://m4690.jfernandorojasc-gmail-com.goodsync/C:/inetpub/wwwroot/Kairos/PHPMailer/language/phpmailer.lang-lt.php' (1.626)
2018-09-15 12:26:44: Copiar Nueva 'C:/Users/RADEON/Desktop/wwwroot/PHPMailer/language/phpmailer.lang-lv.php' -> 'gstps://m4690.jfernandorojasc-gmail-com.goodsync/C:/inetpub/wwwroot/Kairos/PHPMailer/language/phpmailer.lang-lv.php' (1.642)
2018-09-15 12:26:45: Copiar Nueva 'C:/Users/RADEON/Desktop/wwwroot/PHPMailer/language/phpmailer.lang-ms.php' -> 'gstps://m4690.jfernandorojasc-gmail-com.goodsync/C:/inetpub/wwwroot/Kairos/PHPMailer/language/phpmailer.lang-ms.php' (1.736)
2018-09-15 12:26:47: Copiar Nueva 'C:/Users/RADEON/Desktop/wwwroot/PHPMailer/language/phpmailer.lang-nb.php' -> 'gstps://m4690.jfernandorojasc-gmail-com.goodsync/C:/inetpub/wwwroot/Kairos/PHPMailer/language/phpmailer.lang-nb.php' (1.554)
2018-09-15 12:26:48: Copiar Nueva 'C:/Users/RADEON/Desktop/wwwroot/PHPMailer/language/phpmailer.lang-nl.php' -> 'gstps://m4690.jfernandorojasc-gmail-com.goodsync/C:/inetpub/wwwroot/Kairos/PHPMailer/language/phpmailer.lang-nl.php' (1.612)
2018-09-15 12:26:50: Copiar Nueva 'C:/Users/RADEON/Desktop/wwwroot/PHPMailer/language/phpmailer.lang-pl.php' -> 'gstps://m4690.jfernandorojasc-gmail-com.goodsync/C:/inetpub/wwwroot/Kairos/PHPMailer/language/phpmailer.lang-pl.php' (1.816)
2018-09-15 12:26:51: Copiar Nueva 'C:/Users/RADEON/Desktop/wwwroot/PHPMailer/language/phpmailer.lang-pt.php' -> 'gstps://m4690.jfernandorojasc-gmail-com.goodsync/C:/inetpub/wwwroot/Kairos/PHPMailer/language/phpmailer.lang-pt.php' (1.888)
2018-09-15 12:26:52: Copiar Nueva 'C:/Users/RADEON/Desktop/wwwroot/PHPMailer/language/phpmailer.lang-pt_br.php' -> 'gstps://m4690.jfernandorojasc-gmail-com.goodsync/C:/inetpub/wwwroot/Kairos/PHPMailer/language/phpmailer.lang-pt_br.php' (1.907)
2018-09-15 12:26:54: Copiar Nueva 'C:/Users/RADEON/Desktop/wwwroot/PHPMailer/language/phpmailer.lang-ro.php' -> 'gstps://m4690.jfernandorojasc-gmail-com.goodsync/C:/inetpub/wwwroot/Kairos/PHPMailer/language/phpmailer.lang-ro.php' (1.752)
2018-09-15 12:26:55: Copiar Nueva 'C:/Users/RADEON/Desktop/wwwroot/PHPMailer/language/phpmailer.lang-rs.php' -> 'gstps://m4690.jfernandorojasc-gmail-com.goodsync/C:/inetpub/wwwroot/Kairos/PHPMailer/language/phpmailer.lang-rs.php' (2.281)
2018-09-15 12:26:57: Copiar Nueva 'C:/Users/RADEON/Desktop/wwwroot/PHPMailer/language/phpmailer.lang-ru.php' -> 'gstps://m4690.jfernandorojasc-gmail-com.goodsync/C:/inetpub/wwwroot/Kairos/PHPMailer/language/phpmailer.lang-ru.php' (2.279)
2018-09-15 12:26:58: Copiar Nueva 'C:/Users/RADEON/Desktop/wwwroot/PHPMailer/language/phpmailer.lang-sk.php' -> 'gstps://m4690.jfernandorojasc-gmail-com.goodsync/C:/inetpub/wwwroot/Kairos/PHPMailer/language/phpmailer.lang-sk.php' (1.709)
2018-09-15 12:26:59: Copiar Nueva 'C:/Users/RADEON/Desktop/wwwroot/PHPMailer/language/phpmailer.lang-sl.php' -> 'gstps://m4690.jfernandorojasc-gmail-com.goodsync/C:/inetpub/wwwroot/Kairos/PHPMailer/language/phpmailer.lang-sl.php' (1.721)
2018-09-15 12:27:01: Copiar Nueva 'C:/Users/RADEON/Desktop/wwwroot/PHPMailer/language/phpmailer.lang-sv.php' -> 'gstps://m4690.jfernandorojasc-gmail-com.goodsync/C:/inetpub/wwwroot/Kairos/PHPMailer/language/phpmailer.lang-sv.php' (1.611)
2018-09-15 12:27:02: Copiar Nueva 'C:/Users/RADEON/Desktop/wwwroot/PHPMailer/language/phpmailer.lang-tl.php' -> 'gstps://m4690.jfernandorojasc-gmail-com.goodsync/C:/inetpub/wwwroot/Kairos/PHPMailer/language/phpmailer.lang-tl.php' (1.700)
2018-09-15 12:27:03: Copiar Nueva 'C:/Users/RADEON/Desktop/wwwroot/PHPMailer/language/phpmailer.lang-tr.php' -> 'gstps://m4690.jfernandorojasc-gmail-com.goodsync/C:/inetpub/wwwroot/Kairos/PHPMailer/language/phpmailer.lang-tr.php' (1.771)
2018-09-15 12:27:05: Copiar Nueva 'C:/Users/RADEON/Desktop/wwwroot/PHPMailer/language/phpmailer.lang-uk.php' -> 'gstps://m4690.jfernandorojasc-gmail-com.goodsync/C:/inetpub/wwwroot/Kairos/PHPMailer/language/phpmailer.lang-uk.php' (2.280)
2018-09-15 12:27:06: Copiar Nueva 'C:/Users/RADEON/Desktop/wwwroot/PHPMailer/language/phpmailer.lang-vi.php' -> 'gstps://m4690.jfernandorojasc-gmail-com.goodsync/C:/inetpub/wwwroot/Kairos/PHPMailer/language/phpmailer.lang-vi.php' (1.792)
2018-09-15 12:27:08: Copiar Nueva 'C:/Users/RADEON/Desktop/wwwroot/PHPMailer/language/phpmailer.lang-zh.php' -> 'gstps://m4690.jfernandorojasc-gmail-com.goodsync/C:/inetpub/wwwroot/Kairos/PHPMailer/language/phpmailer.lang-zh.php' (1.668)
2018-09-15 12:27:09: Copiar Nueva 'C:/Users/RADEON/Desktop/wwwroot/PHPMailer/language/phpmailer.lang-zh_cn.php' -> 'gstps://m4690.jfernandorojasc-gmail-com.goodsync/C:/inetpub/wwwroot/Kairos/PHPMailer/language/phpmailer.lang-zh_cn.php' (1.655)
2018-09-15 12:27:12: Copiar Nueva 'C:/Users/RADEON/Desktop/wwwroot/PHPMailer/LICENSE' -> 'gstps://m4690.jfernandorojasc-gmail-com.goodsync/C:/inetpub/wwwroot/Kairos/PHPMailer/LICENSE' (26.529)
2018-09-15 12:27:13: Copiar Nueva 'C:/Users/RADEON/Desktop/wwwroot/PHPMailer/README.md' -> 'gstps://m4690.jfernandorojasc-gmail-com.goodsync/C:/inetpub/wwwroot/Kairos/PHPMailer/README.md' (15.916)
2018-09-15 12:27:15: Copiar Nueva 'C:/Users/RADEON/Desktop/wwwroot/PHPMailer/SECURITY.md' -> 'gstps://m4690.jfernandorojasc-gmail-com.goodsync/C:/inetpub/wwwroot/Kairos/PHPMailer/SECURITY.md' (3.935)
2018-09-15 12:27:16: Copiar Nueva 'C:/Users/RADEON/Desktop/wwwroot/PHPMailer/src/Exception.php' -> 'gstps://m4690.jfernandorojasc-gmail-com.goodsync/C:/inetpub/wwwroot/Kairos/PHPMailer/src/Exception.php' (1.214)
2018-09-15 12:27:17: Copiar Nueva 'C:/Users/RADEON/Desktop/wwwroot/PHPMailer/src/OAuth.php' -> 'gstps://m4690.jfernandorojasc-gmail-com.goodsync/C:/inetpub/wwwroot/Kairos/PHPMailer/src/OAuth.php' (3.744)
2018-09-15 12:27:22: Copiar Nueva 'C:/Users/RADEON/Desktop/wwwroot/PHPMailer/src/PHPMailer.php' -> 'gstps://m4690.jfernandorojasc-gmail-com.goodsync/C:/inetpub/wwwroot/Kairos/PHPMailer/src/PHPMailer.php' (154.414)
2018-09-15 12:27:23: Copiar Nueva 'C:/Users/RADEON/Desktop/wwwroot/PHPMailer/src/POP3.php' -> 'gstps://m4690.jfernandorojasc-gmail-com.goodsync/C:/inetpub/wwwroot/Kairos/PHPMailer/src/POP3.php' (11.031)
2018-09-15 12:27:25: Copiar Nueva 'C:/Users/RADEON/Desktop/wwwroot/PHPMailer/src/SMTP.php' -> 'gstps://m4690.jfernandorojasc-gmail-com.goodsync/C:/inetpub/wwwroot/Kairos/PHPMailer/src/SMTP.php' (42.850)
2018-09-15 12:27:27: Copiar Nueva 'C:/Users/RADEON/Desktop/wwwroot/PHPMailer/VERSION' -> 'gstps://m4690.jfernandorojasc-gmail-com.goodsync/C:/inetpub/wwwroot/Kairos/PHPMailer/VERSION' (5)
2018-09-15 12:27:30: == Sinc. Completa. Tiempo: 00:01:32, Velocidad: 7,69 KB/s, OK: 61, Errores: 0
2018-09-15 12:27:30: 
