2018-09-18 02:35:16: m4690.jfernandorojasc-gmail-com.goodsync is REMOTE, trying DIRECT at 213.136.67.9:33333
2018-09-18 02:35:17: MustRetry after Recv: Recv: [requesting Digest auth]: 
2018-09-18 02:35:18: -- Análisis iniciado por On File Change Incremental
2018-09-18 02:35:20: Cambios: 1, Conflictos: 0, CopiaFecha: 0, CopiaEstado: 0, Errores: 0, All: 1166
2018-09-18 02:35:20: Right to Left: Copy File: 1 
2018-09-18 02:35:20: == Sinc comenzada por On File Change Incremental
2018-09-18 02:35:20: Copiar Sobre 'C:/Users/RADEON/Desktop/wwwroot/Pillory/view/pillory_view.php' -> 'gstps://m4690.jfernandorojasc-gmail-com.goodsync/C:/inetpub/wwwroot/Kairos/Pillory/view/pillory_view.php' (3.008)
- ERROR: Cannot create history folder: Creating folder: file upload interrupted by source file change
2018-09-18 02:35:21: m4690.jfernandorojasc-gmail-com.goodsync is REMOTE, trying DIRECT at 213.136.67.9:33333
2018-09-18 02:35:22: MustRetry after Recv: Recv: [requesting Digest auth]: 
2018-09-18 02:35:23: Sync stopped by User, waiting 30 sec, before staring any Auto operations
2018-09-18 02:35:23: Cannot create history folder: Creating folder: file upload interrupted by source file change
2018-09-18 02:35:23: 
2018-09-18 02:35:41: m4690.jfernandorojasc-gmail-com.goodsync is REMOTE, trying DIRECT at 213.136.67.9:33333
2018-09-18 02:35:42: MustRetry after Recv: Recv: [requesting Digest auth]: 
2018-09-18 02:35:43: == Sinc comenzada por User Command
2018-09-18 02:35:47: C:/Users/RADEON/Desktop/wwwroot/Pillory/view/pillory_view.php: Source file has changed between Analyze and Sync from '[file] size=3.008 accu-time=2018-09-18 02:35:17 attr=Archive cktype=0' to 'size=3.008 time=2018-09-18 02:35:37', noted in source file state
2018-09-18 02:35:47: Copiar Sobre 'C:/Users/RADEON/Desktop/wwwroot/Pillory/view/pillory_view.php' -> 'gstps://m4690.jfernandorojasc-gmail-com.goodsync/C:/inetpub/wwwroot/Kairos/Pillory/view/pillory_view.php' (3.008)
2018-09-18 02:35:50: == Sinc. Completa. Tiempo: 00:00:09, Velocidad: 501 bytes/s, OK: 1, Errores: 0
2018-09-18 02:35:50: 
